This file contains any messages produced by compilers while
running configure, to aid debugging if configure makes a mistake.

It was created by opcodes configure 2.26, which was
generated by GNU Autoconf 2.64.  Invocation command line was

  $ /Users/liuzhengyang/Code/opensource/openjdk/jdk8/hotspot/src/share/tools/hsdis/binutils-2.26/opcodes/configure --srcdir=/Users/liuzhengyang/Code/opensource/openjdk/jdk8/hotspot/src/share/tools/hsdis/binutils-2.26/opcodes --cache-file=./config.cache --disable-nls --program-transform-name=s,y,y, --disable-option-checking --build=x86_64-apple-darwin16.1.0 --host=x86_64-apple-darwin16.1.0 --target=x86_64-apple-darwin16.1.0

## --------- ##
## Platform. ##
## --------- ##

hostname = liuzhengyangs-MacBook-Pro.local
uname -m = x86_64
uname -r = 16.1.0
uname -s = Darwin
uname -v = Darwin Kernel Version 16.1.0: Thu Oct 13 21:26:57 PDT 2016; root:xnu-3789.21.3~60/RELEASE_X86_64

/usr/bin/uname -p = i386
/bin/uname -X     = unknown

/bin/arch              = unknown
/usr/bin/arch -k       = unknown
/usr/convex/getsysinfo = unknown
/usr/bin/hostinfo      = Mach kernel version:
	 Darwin Kernel Version 16.1.0: Thu Oct 13 21:26:57 PDT 2016; root:xnu-3789.21.3~60/RELEASE_X86_64
Kernel configured for up to 8 processors.
4 processors are physically available.
8 processors are logically available.
Processor type: x86_64h (Intel x86-64h Haswell)
Processors active: 0 1 2 3 4 5 6 7
Primary memory available: 16.00 gigabytes
Default processor set: 488 tasks, 3622 threads, 8 processors
Load average: 2.08, Mach factor: 5.91
/bin/machine           = unknown
/usr/bin/oslevel       = unknown
/bin/universe          = unknown

PATH: /Users/liuzhengyang/.jenv/bin
PATH: /Library/Java/JavaVirtualMachines/jdk1.8.0_131.jdk/Contents/Home/bin
PATH: /Users/liuzhengyang/bin
PATH: /usr/local/bin
PATH: /Users/liuzhengyang/Soft/kubernetes/client/bin
PATH: /usr/local/bin
PATH: /usr/bin
PATH: /bin
PATH: /usr/sbin
PATH: /sbin
PATH: /opt/X11/bin
PATH: /usr/local/go/bin/bin
PATH: /Users/liuzhengyang/Soft/apache-maven-3.3.3/bin
PATH: /Users/liuzhengyang/Soft/scala/bin
PATH: /Users/liuzhengyang/Soft/node/bin
PATH: /usr/local/mysql/bin
PATH: /usr/local/texlive/2015/bin/x86_64-darwin
PATH: /Users/liuzhengyang/Soft/activator
PATH: /Users/liuzhengyang/Soft/ant/bin
PATH: /Users/liuzhengyang/Soft/zookeeper/bin
PATH: /Users/liuzhengyang/Soft/apache-storm-0.10.0/bin
PATH: /Users/liuzhengyang/Soft/jstorm_deploy/jstorm/bin
PATH: /Users/liuzhengyang/Library/Android/sdk//platform-tools
PATH: /Users/liuzhengyang/scripts
PATH: /Users/liuzhengyang/Soft/grails/bin
PATH: /Users/liuzhengyang/.rvm/bin


## ----------- ##
## Core tests. ##
## ----------- ##

configure:2184: creating cache ./config.cache
configure:2289: checking build system type
configure:2303: result: x86_64-apple-darwin16.1.0
configure:2323: checking host system type
configure:2336: result: x86_64-apple-darwin16.1.0
configure:2356: checking target system type
configure:2369: result: x86_64-apple-darwin16.1.0
configure:2403: checking for x86_64-apple-darwin16.1.0-gcc
configure:2430: result: gcc
configure:2699: checking for C compiler version
configure:2708: gcc --version >&5
gcc (Homebrew GCC 4.8.5) 4.8.5
Copyright (C) 2015 Free Software Foundation, Inc.
This is free software; see the source for copying conditions.  There is NO
warranty; not even for MERCHANTABILITY or FITNESS FOR A PARTICULAR PURPOSE.

configure:2719: $? = 0
configure:2708: gcc -v >&5
Using built-in specs.
COLLECT_GCC=gcc
COLLECT_LTO_WRAPPER=/usr/local/Cellar/gcc@4.8/4.8.5/libexec/gcc/x86_64-apple-darwin16.1.0/4.8.5/lto-wrapper
Target: x86_64-apple-darwin16.1.0
Configured with: ../configure --build=x86_64-apple-darwin16.1.0 --prefix=/usr/local/Cellar/gcc@4.8/4.8.5 --libdir=/usr/local/Cellar/gcc@4.8/4.8.5/lib/gcc/4.8 --enable-languages=c,c++,objc,obj-c++,fortran --program-suffix=-4.8 --with-gmp=/usr/local/opt/gmp@4 --with-mpfr=/usr/local/opt/mpfr@2 --with-mpc=/usr/local/opt/libmpc@0.8 --with-cloog=/usr/local/opt/cloog --with-isl=/usr/local/opt/isl@0.12 --with-system-zlib --enable-libstdcxx-time=yes --enable-stage1-checking --enable-checking=release --enable-lto --disable-werror --with-pkgversion='Homebrew GCC 4.8.5' --with-bugurl=https://github.com/Homebrew/homebrew-core/issues MAKEINFO=missing --with-build-config=bootstrap-debug --enable-plugin --disable-nls --enable-multilib --with-native-system-header-dir=/usr/include --with-sysroot=/Applications/Xcode.app/Contents/Developer/Platforms/MacOSX.platform/Developer/SDKs/MacOSX10.12.sdk
Thread model: posix
gcc version 4.8.5 (Homebrew GCC 4.8.5) 
configure:2719: $? = 0
configure:2708: gcc -V >&5
gcc: error: unrecognized command line option '-V'
gcc: fatal error: no input files
compilation terminated.
configure:2719: $? = 1
configure:2708: gcc -qversion >&5
gcc: error: unrecognized command line option '-qversion'
gcc: fatal error: no input files
compilation terminated.
configure:2719: $? = 1
configure:2739: checking for C compiler default output file name
configure:2761: gcc -fPIC -O  -static-libstdc++ -static-libgcc -Wl,-no_pie  conftest.c  >&5
configure:2765: $? = 0
configure:2802: result: a.out
configure:2818: checking whether the C compiler works
configure:2827: ./a.out
configure:2831: $? = 0
configure:2846: result: yes
configure:2853: checking whether we are cross compiling
configure:2855: result: no
configure:2858: checking for suffix of executables
configure:2865: gcc -o conftest -fPIC -O  -static-libstdc++ -static-libgcc -Wl,-no_pie  conftest.c  >&5
configure:2869: $? = 0
configure:2891: result: 
configure:2897: checking for suffix of object files
configure:2919: gcc -c -fPIC -O  conftest.c >&5
configure:2923: $? = 0
configure:2944: result: o
configure:2948: checking whether we are using the GNU C compiler
configure:2967: gcc -c -fPIC -O  conftest.c >&5
configure:2967: $? = 0
configure:2976: result: yes
configure:2985: checking whether gcc accepts -g
configure:3005: gcc -c -g  conftest.c >&5
configure:3005: $? = 0
configure:3046: result: yes
configure:3063: checking for gcc option to accept ISO C89
configure:3127: gcc  -c -fPIC -O  conftest.c >&5
configure:3127: $? = 0
configure:3140: result: none needed
configure:3161: checking for library containing strerror
configure:3192: gcc -o conftest -fPIC -O  -static-libstdc++ -static-libgcc -Wl,-no_pie  conftest.c  >&5
configure:3192: $? = 0
configure:3209: result: none required
configure:3234: checking for a BSD-compatible install
configure:3302: result: /usr/bin/install -c
configure:3313: checking whether build environment is sane
configure:3363: result: yes
configure:3504: checking for a thread-safe mkdir -p
configure:3543: result: /Users/liuzhengyang/Code/opensource/openjdk/jdk8/hotspot/src/share/tools/hsdis/binutils-2.26/opcodes/../install-sh -c -d
configure:3556: checking for gawk
configure:3583: result: awk
configure:3594: checking whether make sets $(MAKE)
configure:3616: result: yes
configure:3646: checking for style of include used by make
configure:3674: result: GNU
configure:3759: checking dependency style of gcc
configure:3869: result: gcc3
configure:3894: checking for x86_64-apple-darwin16.1.0-gcc
configure:3921: result: gcc
configure:4190: checking for C compiler version
configure:4199: gcc --version >&5
gcc (Homebrew GCC 4.8.5) 4.8.5
Copyright (C) 2015 Free Software Foundation, Inc.
This is free software; see the source for copying conditions.  There is NO
warranty; not even for MERCHANTABILITY or FITNESS FOR A PARTICULAR PURPOSE.

configure:4210: $? = 0
configure:4199: gcc -v >&5
Using built-in specs.
COLLECT_GCC=gcc
COLLECT_LTO_WRAPPER=/usr/local/Cellar/gcc@4.8/4.8.5/libexec/gcc/x86_64-apple-darwin16.1.0/4.8.5/lto-wrapper
Target: x86_64-apple-darwin16.1.0
Configured with: ../configure --build=x86_64-apple-darwin16.1.0 --prefix=/usr/local/Cellar/gcc@4.8/4.8.5 --libdir=/usr/local/Cellar/gcc@4.8/4.8.5/lib/gcc/4.8 --enable-languages=c,c++,objc,obj-c++,fortran --program-suffix=-4.8 --with-gmp=/usr/local/opt/gmp@4 --with-mpfr=/usr/local/opt/mpfr@2 --with-mpc=/usr/local/opt/libmpc@0.8 --with-cloog=/usr/local/opt/cloog --with-isl=/usr/local/opt/isl@0.12 --with-system-zlib --enable-libstdcxx-time=yes --enable-stage1-checking --enable-checking=release --enable-lto --disable-werror --with-pkgversion='Homebrew GCC 4.8.5' --with-bugurl=https://github.com/Homebrew/homebrew-core/issues MAKEINFO=missing --with-build-config=bootstrap-debug --enable-plugin --disable-nls --enable-multilib --with-native-system-header-dir=/usr/include --with-sysroot=/Applications/Xcode.app/Contents/Developer/Platforms/MacOSX.platform/Developer/SDKs/MacOSX10.12.sdk
Thread model: posix
gcc version 4.8.5 (Homebrew GCC 4.8.5) 
configure:4210: $? = 0
configure:4199: gcc -V >&5
gcc: error: unrecognized command line option '-V'
gcc: fatal error: no input files
compilation terminated.
configure:4210: $? = 1
configure:4199: gcc -qversion >&5
gcc: error: unrecognized command line option '-qversion'
gcc: fatal error: no input files
compilation terminated.
configure:4210: $? = 1
configure:4214: checking whether we are using the GNU C compiler
configure:4242: result: yes
configure:4251: checking whether gcc accepts -g
configure:4312: result: yes
configure:4329: checking for gcc option to accept ISO C89
configure:4406: result: none needed
configure:4431: checking how to run the C preprocessor
configure:4462: gcc -E  conftest.c
configure:4462: $? = 0
configure:4476: gcc -E  conftest.c
conftest.c:11:28: fatal error: ac_nonexistent.h: No such file or directory
 #include <ac_nonexistent.h>
                            ^
compilation terminated.
configure:4476: $? = 1
configure: failed program was:
| /* confdefs.h */
| #define PACKAGE_NAME "opcodes"
| #define PACKAGE_TARNAME "opcodes"
| #define PACKAGE_VERSION "2.26"
| #define PACKAGE_STRING "opcodes 2.26"
| #define PACKAGE_BUGREPORT ""
| #define PACKAGE_URL ""
| #define PACKAGE "opcodes"
| #define VERSION "2.26"
| /* end confdefs.h.  */
| #include <ac_nonexistent.h>
configure:4501: result: gcc -E
configure:4521: gcc -E  conftest.c
configure:4521: $? = 0
configure:4535: gcc -E  conftest.c
conftest.c:11:28: fatal error: ac_nonexistent.h: No such file or directory
 #include <ac_nonexistent.h>
                            ^
compilation terminated.
configure:4535: $? = 1
configure: failed program was:
| /* confdefs.h */
| #define PACKAGE_NAME "opcodes"
| #define PACKAGE_TARNAME "opcodes"
| #define PACKAGE_VERSION "2.26"
| #define PACKAGE_STRING "opcodes 2.26"
| #define PACKAGE_BUGREPORT ""
| #define PACKAGE_URL ""
| #define PACKAGE "opcodes"
| #define VERSION "2.26"
| /* end confdefs.h.  */
| #include <ac_nonexistent.h>
configure:4564: checking for grep that handles long lines and -e
configure:4622: result: /usr/local/bin/ggrep
configure:4627: checking for egrep
configure:4689: result: /usr/local/bin/ggrep -E
configure:4694: checking for ANSI C header files
configure:4714: gcc -c -fPIC -O  conftest.c >&5
configure:4714: $? = 0
configure:4787: gcc -o conftest -fPIC -O  -static-libstdc++ -static-libgcc -Wl,-no_pie  conftest.c  >&5
configure:4787: $? = 0
configure:4787: ./conftest
configure:4787: $? = 0
configure:4798: result: yes
configure:4811: checking for sys/types.h
configure:4811: gcc -c -fPIC -O  conftest.c >&5
configure:4811: $? = 0
configure:4811: result: yes
configure:4811: checking for sys/stat.h
configure:4811: gcc -c -fPIC -O  conftest.c >&5
configure:4811: $? = 0
configure:4811: result: yes
configure:4811: checking for stdlib.h
configure:4811: gcc -c -fPIC -O  conftest.c >&5
configure:4811: $? = 0
configure:4811: result: yes
configure:4811: checking for string.h
configure:4811: gcc -c -fPIC -O  conftest.c >&5
configure:4811: $? = 0
configure:4811: result: yes
configure:4811: checking for memory.h
configure:4811: gcc -c -fPIC -O  conftest.c >&5
configure:4811: $? = 0
configure:4811: result: yes
configure:4811: checking for strings.h
configure:4811: gcc -c -fPIC -O  conftest.c >&5
configure:4811: $? = 0
configure:4811: result: yes
configure:4811: checking for inttypes.h
configure:4811: gcc -c -fPIC -O  conftest.c >&5
configure:4811: $? = 0
configure:4811: result: yes
configure:4811: checking for stdint.h
configure:4811: gcc -c -fPIC -O  conftest.c >&5
configure:4811: $? = 0
configure:4811: result: yes
configure:4811: checking for unistd.h
configure:4811: gcc -c -fPIC -O  conftest.c >&5
configure:4811: $? = 0
configure:4811: result: yes
configure:4825: checking minix/config.h usability
configure:4825: gcc -c -fPIC -O  conftest.c >&5
conftest.c:54:26: fatal error: minix/config.h: No such file or directory
 #include <minix/config.h>
                          ^
compilation terminated.
configure:4825: $? = 1
configure: failed program was:
| /* confdefs.h */
| #define PACKAGE_NAME "opcodes"
| #define PACKAGE_TARNAME "opcodes"
| #define PACKAGE_VERSION "2.26"
| #define PACKAGE_STRING "opcodes 2.26"
| #define PACKAGE_BUGREPORT ""
| #define PACKAGE_URL ""
| #define PACKAGE "opcodes"
| #define VERSION "2.26"
| #define STDC_HEADERS 1
| #define HAVE_SYS_TYPES_H 1
| #define HAVE_SYS_STAT_H 1
| #define HAVE_STDLIB_H 1
| #define HAVE_STRING_H 1
| #define HAVE_MEMORY_H 1
| #define HAVE_STRINGS_H 1
| #define HAVE_INTTYPES_H 1
| #define HAVE_STDINT_H 1
| #define HAVE_UNISTD_H 1
| /* end confdefs.h.  */
| #include <stdio.h>
| #ifdef HAVE_SYS_TYPES_H
| # include <sys/types.h>
| #endif
| #ifdef HAVE_SYS_STAT_H
| # include <sys/stat.h>
| #endif
| #ifdef STDC_HEADERS
| # include <stdlib.h>
| # include <stddef.h>
| #else
| # ifdef HAVE_STDLIB_H
| #  include <stdlib.h>
| # endif
| #endif
| #ifdef HAVE_STRING_H
| # if !defined STDC_HEADERS && defined HAVE_MEMORY_H
| #  include <memory.h>
| # endif
| # include <string.h>
| #endif
| #ifdef HAVE_STRINGS_H
| # include <strings.h>
| #endif
| #ifdef HAVE_INTTYPES_H
| # include <inttypes.h>
| #endif
| #ifdef HAVE_STDINT_H
| # include <stdint.h>
| #endif
| #ifdef HAVE_UNISTD_H
| # include <unistd.h>
| #endif
| #include <minix/config.h>
configure:4825: result: no
configure:4825: checking minix/config.h presence
configure:4825: gcc -E  conftest.c
conftest.c:21:26: fatal error: minix/config.h: No such file or directory
 #include <minix/config.h>
                          ^
compilation terminated.
configure:4825: $? = 1
configure: failed program was:
| /* confdefs.h */
| #define PACKAGE_NAME "opcodes"
| #define PACKAGE_TARNAME "opcodes"
| #define PACKAGE_VERSION "2.26"
| #define PACKAGE_STRING "opcodes 2.26"
| #define PACKAGE_BUGREPORT ""
| #define PACKAGE_URL ""
| #define PACKAGE "opcodes"
| #define VERSION "2.26"
| #define STDC_HEADERS 1
| #define HAVE_SYS_TYPES_H 1
| #define HAVE_SYS_STAT_H 1
| #define HAVE_STDLIB_H 1
| #define HAVE_STRING_H 1
| #define HAVE_MEMORY_H 1
| #define HAVE_STRINGS_H 1
| #define HAVE_INTTYPES_H 1
| #define HAVE_STDINT_H 1
| #define HAVE_UNISTD_H 1
| /* end confdefs.h.  */
| #include <minix/config.h>
configure:4825: result: no
configure:4825: checking for minix/config.h
configure:4825: result: no
configure:4846: checking whether it is safe to define __EXTENSIONS__
configure:4864: gcc -c -fPIC -O  conftest.c >&5
configure:4864: $? = 0
configure:4871: result: yes
configure:4891: checking for x86_64-apple-darwin16.1.0-ar
configure:4918: result: ar
configure:4983: checking for x86_64-apple-darwin16.1.0-ranlib
configure:5010: result: ranlib
configure:5151: checking how to print strings
configure:5178: result: printf
configure:5199: checking for a sed that does not truncate output
configure:5263: result: /usr/bin/sed
configure:5281: checking for fgrep
configure:5343: result: /usr/local/bin/ggrep -F
configure:5378: checking for ld used by gcc
configure:5445: result: ld
configure:5452: checking if the linker (ld) is GNU ld
configure:5467: result: no
configure:5479: checking for BSD- or MS-compatible name lister (nm)
configure:5528: result: nm
configure:5658: checking the name lister (nm) interface
configure:5665: gcc -c -fPIC -O  conftest.c >&5
configure:5668: nm "conftest.o"
configure:5671: output
0000000000000000 S _some_variable
configure:5678: result: BSD nm
configure:5681: checking whether ln -s works
configure:5685: result: yes
configure:5693: checking the maximum length of command line arguments
configure:5818: result: 196608
configure:5835: checking whether the shell understands some XSI constructs
configure:5845: result: yes
configure:5849: checking whether the shell understands "+="
configure:5855: result: yes
configure:5890: checking for ld option to reload object files
configure:5897: result: -r
configure:5926: checking for x86_64-apple-darwin16.1.0-objdump
configure:5953: result: objdump
configure:6025: checking how to recognize dependent libraries
configure:6226: result: pass_all
configure:6246: checking for x86_64-apple-darwin16.1.0-ar
configure:6273: result: ar
configure:6351: checking for x86_64-apple-darwin16.1.0-strip
configure:6381: result: no
configure:6391: checking for strip
configure:6407: found /usr/bin/strip
configure:6418: result: strip
configure:6450: checking for x86_64-apple-darwin16.1.0-ranlib
configure:6477: result: ranlib
configure:6619: checking command to parse nm output from gcc object
configure:6737: gcc -c -fPIC -O  conftest.c >&5
configure:6740: $? = 0
configure:6744: nm conftest.o \| sed -n -e 's/^.*[ ]\([BCDEGRST][BCDEGRST]*\)[ ][ ]*\([_A-Za-z][_A-Za-z0-9]*\)$/\1 \2 \2/p' \> conftest.nm
configure:6747: $? = 0
cannot find nm_test_var in conftest.nm
configure:6737: gcc -c -fPIC -O  conftest.c >&5
configure:6740: $? = 0
configure:6744: nm conftest.o \| sed -n -e 's/^.*[ ]\([BCDEGRST][BCDEGRST]*\)[ ][ ]*_\([_A-Za-z][_A-Za-z0-9]*\)$/\1 _\2 \2/p' \> conftest.nm
configure:6747: $? = 0
configure:6801: gcc -o conftest -fPIC -O  -static-libstdc++ -static-libgcc -Wl,-no_pie  conftest.c conftstm.o >&5
configure:6804: $? = 0
configure:6842: result: ok
configure:7079: checking for x86_64-apple-darwin16.1.0-dsymutil
configure:7109: result: no
configure:7119: checking for dsymutil
configure:7135: found /usr/bin/dsymutil
configure:7146: result: dsymutil
configure:7171: checking for x86_64-apple-darwin16.1.0-nmedit
configure:7201: result: no
configure:7211: checking for nmedit
configure:7227: found /usr/bin/nmedit
configure:7238: result: nmedit
configure:7263: checking for x86_64-apple-darwin16.1.0-lipo
configure:7293: result: no
configure:7303: checking for lipo
configure:7319: found /usr/bin/lipo
configure:7330: result: lipo
configure:7355: checking for x86_64-apple-darwin16.1.0-otool
configure:7385: result: no
configure:7395: checking for otool
configure:7411: found /usr/bin/otool
configure:7422: result: otool
configure:7447: checking for x86_64-apple-darwin16.1.0-otool64
configure:7477: result: no
configure:7487: checking for otool64
configure:7517: result: no
configure:7562: checking for -single_module linker flag
gcc -fPIC -O -static-libstdc++ -static-libgcc -Wl,-no_pie  -o libconftest.dylib -dynamiclib -Wl,-single_module conftest.c
configure:7589: result: yes
configure:7591: checking for -exported_symbols_list linker flag
configure:7611: gcc -o conftest -fPIC -O  -static-libstdc++ -static-libgcc -Wl,-no_pie  -Wl,-exported_symbols_list,conftest.sym conftest.c  >&5
configure:7611: $? = 0
configure:7621: result: yes
configure:7623: checking for -force_load linker flag
gcc -fPIC -O -c -o conftest.o conftest.c
ar cru libconftest.a conftest.o
gcc -fPIC -O -static-libstdc++ -static-libgcc -Wl,-no_pie  -o conftest conftest.c -Wl,-force_load,./libconftest.a
configure:7651: result: yes
configure:7690: checking for dlfcn.h
configure:7690: gcc -c -fPIC -O  conftest.c >&5
configure:7690: $? = 0
configure:7690: result: yes
configure:7847: checking for objdir
configure:7862: result: .libs
configure:8133: checking if gcc supports -fno-rtti -fno-exceptions
configure:8151: gcc -c -fPIC -O  -fno-rtti -fno-exceptions conftest.c >&5
cc1: warning: command line option '-fno-rtti' is valid for C++/ObjC++ but not for C [enabled by default]
configure:8155: $? = 0
configure:8168: result: no
configure:8188: checking for gcc option to produce PIC
configure:8474: result: -fno-common -DPIC
configure:8486: checking if gcc PIC flag -fno-common -DPIC works
configure:8504: gcc -c -fPIC -O  -fno-common -DPIC -DPIC conftest.c >&5
configure:8508: $? = 0
configure:8521: result: yes
configure:8545: checking if gcc static flag -static works
configure:8573: result: no
configure:8588: checking if gcc supports -c -o file.o
configure:8609: gcc -c -fPIC -O  -o out/conftest2.o conftest.c >&5
configure:8613: $? = 0
configure:8635: result: yes
configure:8643: checking if gcc supports -c -o file.o
configure:8690: result: yes
configure:8723: checking whether the gcc linker (ld) supports shared libraries
configure:9794: result: yes
configure:10039: checking dynamic linker characteristics
configure:10712: result: darwin16.1.0 dyld
configure:10819: checking how to hardcode library paths into programs
configure:10844: result: immediate
configure:11384: checking whether stripping libraries is possible
configure:11398: result: yes
configure:11424: checking if libtool supports shared libraries
configure:11426: result: yes
configure:11429: checking whether to build shared libraries
configure:11450: result: no
configure:11453: checking whether to build static libraries
configure:11457: result: yes
configure:11596: checking whether gcc supports -Wmissing-field-initializers
configure:11613: gcc -c -Wmissing-field-initializers  conftest.c >&5
configure:11613: $? = 0
configure:11622: result: yes
configure:11648: checking whether to enable maintainer-specific portions of Makefiles
configure:11657: result: no
configure:11685: checking whether to install libbfd
configure:11698: result: yes
configure:11744: checking whether NLS is requested
configure:11747: result: no
configure:11815: checking whether NLS is requested
configure:11824: result: no
configure:11862: checking for msgfmt
configure:11896: result: no
configure:11902: checking for gmsgfmt
configure:11933: result: :
configure:11973: checking for xgettext
configure:12007: result: no
configure:12044: checking for msgmerge
configure:12077: result: no
configure:12156: checking for string.h
configure:12156: result: yes
configure:12156: checking for strings.h
configure:12156: result: yes
configure:12156: checking for stdlib.h
configure:12156: result: yes
configure:12156: checking limits.h usability
configure:12156: gcc -c -fPIC -O  conftest.c >&5
configure:12156: $? = 0
configure:12156: result: yes
configure:12156: checking limits.h presence
configure:12156: gcc -E  conftest.c
configure:12156: $? = 0
configure:12156: result: yes
configure:12156: checking for limits.h
configure:12156: result: yes
configure:12167: checking whether string.h and strings.h may both be included
configure:12184: gcc -c -fPIC -O  conftest.c >&5
configure:12184: $? = 0
configure:12191: result: yes
configure:12200: checking whether basename is declared
configure:12200: gcc -c -fPIC -O  conftest.c >&5
conftest.c: In function 'main':
conftest.c:73:10: error: 'basename' undeclared (first use in this function)
   (void) basename;
          ^
conftest.c:73:10: note: each undeclared identifier is reported only once for each function it appears in
configure:12200: $? = 1
configure: failed program was:
| /* confdefs.h */
| #define PACKAGE_NAME "opcodes"
| #define PACKAGE_TARNAME "opcodes"
| #define PACKAGE_VERSION "2.26"
| #define PACKAGE_STRING "opcodes 2.26"
| #define PACKAGE_BUGREPORT ""
| #define PACKAGE_URL ""
| #define PACKAGE "opcodes"
| #define VERSION "2.26"
| #define STDC_HEADERS 1
| #define HAVE_SYS_TYPES_H 1
| #define HAVE_SYS_STAT_H 1
| #define HAVE_STDLIB_H 1
| #define HAVE_STRING_H 1
| #define HAVE_MEMORY_H 1
| #define HAVE_STRINGS_H 1
| #define HAVE_INTTYPES_H 1
| #define HAVE_STDINT_H 1
| #define HAVE_UNISTD_H 1
| #define __EXTENSIONS__ 1
| #define _ALL_SOURCE 1
| #define _GNU_SOURCE 1
| #define _POSIX_PTHREAD_SEMANTICS 1
| #define _TANDEM_SOURCE 1
| #define HAVE_DLFCN_H 1
| #define LT_OBJDIR ".libs/"
| #define HAVE_STRING_H 1
| #define HAVE_STRINGS_H 1
| #define HAVE_STDLIB_H 1
| #define HAVE_LIMITS_H 1
| #define STRING_WITH_STRINGS 1
| /* end confdefs.h.  */
| #include <stdio.h>
| #ifdef HAVE_SYS_TYPES_H
| # include <sys/types.h>
| #endif
| #ifdef HAVE_SYS_STAT_H
| # include <sys/stat.h>
| #endif
| #ifdef STDC_HEADERS
| # include <stdlib.h>
| # include <stddef.h>
| #else
| # ifdef HAVE_STDLIB_H
| #  include <stdlib.h>
| # endif
| #endif
| #ifdef HAVE_STRING_H
| # if !defined STDC_HEADERS && defined HAVE_MEMORY_H
| #  include <memory.h>
| # endif
| # include <string.h>
| #endif
| #ifdef HAVE_STRINGS_H
| # include <strings.h>
| #endif
| #ifdef HAVE_INTTYPES_H
| # include <inttypes.h>
| #endif
| #ifdef HAVE_STDINT_H
| # include <stdint.h>
| #endif
| #ifdef HAVE_UNISTD_H
| # include <unistd.h>
| #endif
| int
| main ()
| {
| #ifndef basename
| #ifdef __cplusplus
|   (void) basename;
| #else
|   (void) basename;
| #endif
| #endif
| 
|   ;
|   return 0;
| }
configure:12200: result: no
configure:12210: checking whether stpcpy is declared
configure:12210: gcc -c -fPIC -O  conftest.c >&5
configure:12210: $? = 0
configure:12210: result: yes
configure:12224: checking for sigsetjmp
configure:12242: gcc -c -fPIC -O  conftest.c >&5
configure:12242: $? = 0
configure:12249: result: 
configure:12287: checking linker --as-needed support
configure:12298: result: no
configure:12758: updating cache ./config.cache
configure:12823: creating ./config.status

## ---------------------- ##
## Running config.status. ##
## ---------------------- ##

This file was extended by opcodes config.status 2.26, which was
generated by GNU Autoconf 2.64.  Invocation command line was

  CONFIG_FILES    = 
  CONFIG_HEADERS  = 
  CONFIG_LINKS    = 
  CONFIG_COMMANDS = 
  $ ./config.status 

on liuzhengyangs-MacBook-Pro.local

config.status:1125: creating Makefile
config.status:1125: creating po/Makefile.in
config.status:1125: creating config.h
config.status:1338: executing depfiles commands
config.status:1338: executing libtool commands
config.status:1338: executing default-1 commands

## ---------------- ##
## Cache variables. ##
## ---------------- ##

ac_cv_build=x86_64-apple-darwin16.1.0
ac_cv_c_compiler_gnu=yes
ac_cv_env_CC_set=set
ac_cv_env_CC_value=gcc
ac_cv_env_CFLAGS_set=set
ac_cv_env_CFLAGS_value='-fPIC -O'
ac_cv_env_CPPFLAGS_set=
ac_cv_env_CPPFLAGS_value=
ac_cv_env_CPP_set=
ac_cv_env_CPP_value=
ac_cv_env_LDFLAGS_set=set
ac_cv_env_LDFLAGS_value='-static-libstdc++ -static-libgcc -Wl,-no_pie '
ac_cv_env_LIBS_set=
ac_cv_env_LIBS_value=
ac_cv_env_build_alias_set=set
ac_cv_env_build_alias_value=x86_64-apple-darwin16.1.0
ac_cv_env_host_alias_set=set
ac_cv_env_host_alias_value=x86_64-apple-darwin16.1.0
ac_cv_env_target_alias_set=set
ac_cv_env_target_alias_value=x86_64-apple-darwin16.1.0
ac_cv_have_decl_basename=no
ac_cv_have_decl_stpcpy=yes
ac_cv_header_dlfcn_h=yes
ac_cv_header_inttypes_h=yes
ac_cv_header_limits_h=yes
ac_cv_header_memory_h=yes
ac_cv_header_minix_config_h=no
ac_cv_header_stdc=yes
ac_cv_header_stdint_h=yes
ac_cv_header_stdlib_h=yes
ac_cv_header_string_h=yes
ac_cv_header_strings_h=yes
ac_cv_header_sys_stat_h=yes
ac_cv_header_sys_types_h=yes
ac_cv_header_unistd_h=yes
ac_cv_host=x86_64-apple-darwin16.1.0
ac_cv_objext=o
ac_cv_path_EGREP='/usr/local/bin/ggrep -E'
ac_cv_path_FGREP='/usr/local/bin/ggrep -F'
ac_cv_path_GMSGFMT=:
ac_cv_path_GREP=/usr/local/bin/ggrep
ac_cv_path_MSGFMT=:
ac_cv_path_MSGMERGE=:
ac_cv_path_SED=/usr/bin/sed
ac_cv_path_XGETTEXT=:
ac_cv_path_install='/usr/bin/install -c'
ac_cv_prog_AR=ar
ac_cv_prog_AWK=awk
ac_cv_prog_CC=gcc
ac_cv_prog_CPP='gcc -E'
ac_cv_prog_OBJDUMP=objdump
ac_cv_prog_RANLIB=ranlib
ac_cv_prog_ac_ct_DSYMUTIL=dsymutil
ac_cv_prog_ac_ct_LIPO=lipo
ac_cv_prog_ac_ct_NMEDIT=nmedit
ac_cv_prog_ac_ct_OTOOL=otool
ac_cv_prog_ac_ct_STRIP=strip
ac_cv_prog_cc_c89=
ac_cv_prog_cc_g=yes
ac_cv_prog_make_make_set=yes
ac_cv_safe_to_define___extensions__=yes
ac_cv_search_strerror='none required'
ac_cv_target=x86_64-apple-darwin16.1.0
acx_cv_prog_cc_warning__Wmissing_field_initializers=yes
am_cv_CC_dependencies_compiler_type=gcc3
bfd_cv_func_sigsetjmp=yes
bfd_cv_ld_as_needed=no
gcc_cv_header_string=yes
lt_cv_apple_cc_single_mod=yes
lt_cv_deplibs_check_method=pass_all
lt_cv_file_magic_cmd='$MAGIC_CMD'
lt_cv_file_magic_test_file=
lt_cv_ld_exported_symbols_list=yes
lt_cv_ld_force_load=yes
lt_cv_ld_reload_flag=-r
lt_cv_nm_interface='BSD nm'
lt_cv_objdir=.libs
lt_cv_path_LD=ld
lt_cv_path_NM=nm
lt_cv_prog_compiler_c_o=yes
lt_cv_prog_compiler_pic_works=yes
lt_cv_prog_compiler_rtti_exceptions=no
lt_cv_prog_compiler_static_works=no
lt_cv_prog_gnu_ld=no
lt_cv_sys_global_symbol_pipe='sed -n -e '\''s/^.*[	 ]\([BCDEGRST][BCDEGRST]*\)[	 ][	 ]*_\([_A-Za-z][_A-Za-z0-9]*\)$/\1 _\2 \2/p'\'''
lt_cv_sys_global_symbol_to_c_name_address='sed -n -e '\''s/^: \([^ ]*\) $/  {\"\1\", (void *) 0},/p'\'' -e '\''s/^[BCDEGRST]* \([^ ]*\) \([^ ]*\)$/  {"\2", (void *) \&\2},/p'\'''
lt_cv_sys_global_symbol_to_c_name_address_lib_prefix='sed -n -e '\''s/^: \([^ ]*\) $/  {\"\1\", (void *) 0},/p'\'' -e '\''s/^[BCDEGRST]* \([^ ]*\) \(lib[^ ]*\)$/  {"\2", (void *) \&\2},/p'\'' -e '\''s/^[BCDEGRST]* \([^ ]*\) \([^ ]*\)$/  {"lib\2", (void *) \&\2},/p'\'''
lt_cv_sys_global_symbol_to_cdecl='sed -n -e '\''s/^T .* \(.*\)$/extern int \1();/p'\'' -e '\''s/^[BCDEGRST]* .* \(.*\)$/extern char \1;/p'\'''
lt_cv_sys_max_cmd_len=196608

## ----------------- ##
## Output variables. ##
## ----------------- ##

ACLOCAL='${SHELL} /Users/liuzhengyang/Code/opensource/openjdk/jdk8/hotspot/src/share/tools/hsdis/binutils-2.26/missing --run aclocal-1.11'
AMDEPBACKSLASH='\'
AMDEP_FALSE='#'
AMDEP_TRUE=''
AMTAR='${SHELL} /Users/liuzhengyang/Code/opensource/openjdk/jdk8/hotspot/src/share/tools/hsdis/binutils-2.26/missing --run tar'
AR='ar'
AUTOCONF='${SHELL} /Users/liuzhengyang/Code/opensource/openjdk/jdk8/hotspot/src/share/tools/hsdis/binutils-2.26/missing --run autoconf'
AUTOHEADER='${SHELL} /Users/liuzhengyang/Code/opensource/openjdk/jdk8/hotspot/src/share/tools/hsdis/binutils-2.26/missing --run autoheader'
AUTOMAKE='${SHELL} /Users/liuzhengyang/Code/opensource/openjdk/jdk8/hotspot/src/share/tools/hsdis/binutils-2.26/missing --run automake-1.11'
AWK='awk'
BFD_MACHINES=' i386-dis.lo i386-opc.lo ppc-dis.lo ppc-opc.lo'
BUILD_LIBS='../libiberty/libiberty.a '
BUILD_LIB_DEPS='../libiberty/libiberty.a '
CATALOGS=''
CATOBJEXT=''
CC='gcc'
CCDEPMODE='depmode=gcc3'
CC_FOR_BUILD='gcc'
CFLAGS='-fPIC -O'
CGEN_MAINT_FALSE=''
CGEN_MAINT_TRUE='#'
CPP='gcc -E'
CPPFLAGS=''
CYGPATH_W='echo'
DATADIRNAME=''
DEFS='-DHAVE_CONFIG_H'
DEPDIR='.deps'
DSYMUTIL='dsymutil'
DUMPBIN=''
ECHO_C='\c'
ECHO_N=''
ECHO_T=''
EGREP='/usr/local/bin/ggrep -E'
EXEEXT=''
EXEEXT_FOR_BUILD='$(EXEEXT)'
FGREP='/usr/local/bin/ggrep -F'
GENCAT=''
GMSGFMT=':'
GREP='/usr/local/bin/ggrep'
HDEFINES=''
INCINTL=''
INSTALL_DATA='${INSTALL} -m 644'
INSTALL_LIBBFD_FALSE='#'
INSTALL_LIBBFD_TRUE=''
INSTALL_PROGRAM='${INSTALL}'
INSTALL_SCRIPT='${INSTALL}'
INSTALL_STRIP_PROGRAM='$(install_sh) -c -s'
INSTOBJEXT=''
LD='ld'
LDFLAGS='-static-libstdc++ -static-libgcc -Wl,-no_pie '
LIBINTL=''
LIBINTL_DEP=''
LIBM=''
LIBOBJS=''
LIBS=''
LIBTOOL='$(SHELL) $(top_builddir)/libtool'
LIPO='lipo'
LN_S='ln -s'
LTLIBOBJS=''
MAINT='#'
MAINTAINER_MODE_FALSE=''
MAINTAINER_MODE_TRUE='#'
MAKEINFO='makeinfo'
MKDIR_P='/Users/liuzhengyang/Code/opensource/openjdk/jdk8/hotspot/src/share/tools/hsdis/binutils-2.26/opcodes/../install-sh -c -d'
MKINSTALLDIRS='/Users/liuzhengyang/Code/opensource/openjdk/jdk8/hotspot/src/share/tools/hsdis/binutils-2.26/opcodes/../mkinstalldirs'
MSGFMT=':'
MSGMERGE=':'
NM='nm'
NMEDIT='nmedit'
NO_WERROR='-Wno-error'
NO_WMISSING_FIELD_INITIALIZERS='-Wno-missing-field-initializers'
OBJDUMP='objdump'
OBJEXT='o'
OTOOL64=':'
OTOOL='otool'
PACKAGE='opcodes'
PACKAGE_BUGREPORT=''
PACKAGE_NAME='opcodes'
PACKAGE_STRING='opcodes 2.26'
PACKAGE_TARNAME='opcodes'
PACKAGE_URL=''
PACKAGE_VERSION='2.26'
PATH_SEPARATOR=':'
POSUB=''
RANLIB='ranlib'
SED='/usr/bin/sed'
SET_MAKE=''
SHARED_DEPENDENCIES=''
SHARED_LDFLAGS=''
SHARED_LIBADD=''
SHELL='/bin/sh'
STRIP='strip'
USE_NLS='no'
VERSION='2.26'
WARN_CFLAGS='-W -Wall -Wstrict-prototypes -Wmissing-prototypes -Wshadow -Werror'
XGETTEXT=':'
ac_ct_CC=''
ac_ct_DUMPBIN=''
am__EXEEXT_FALSE=''
am__EXEEXT_TRUE='#'
am__fastdepCC_FALSE='#'
am__fastdepCC_TRUE=''
am__include='include'
am__isrc=' -I$(srcdir)'
am__leading_dot='.'
am__quote=''
am__tar='${AMTAR} chof - "$$tardir"'
am__untar='${AMTAR} xf -'
archdefs=' -DARCH_i386 -DARCH_powerpc -DARCH_rs6000'
bfdincludedir='$(includedir)'
bfdlibdir='$(libdir)'
bindir='${exec_prefix}/bin'
build='x86_64-apple-darwin16.1.0'
build_alias='x86_64-apple-darwin16.1.0'
build_cpu='x86_64'
build_os='darwin16.1.0'
build_vendor='apple'
cgendir='$(srcdir)/../cgen'
datadir='${datarootdir}'
datarootdir='${prefix}/share'
docdir='${datarootdir}/doc/${PACKAGE_TARNAME}'
dvidir='${docdir}'
exec_prefix='${prefix}'
host='x86_64-apple-darwin16.1.0'
host_alias='x86_64-apple-darwin16.1.0'
host_cpu='x86_64'
host_noncanonical='x86_64-apple-darwin16.1.0'
host_os='darwin16.1.0'
host_vendor='apple'
htmldir='${docdir}'
includedir='${prefix}/include'
infodir='${datarootdir}/info'
install_sh='${SHELL} /Users/liuzhengyang/Code/opensource/openjdk/jdk8/hotspot/src/share/tools/hsdis/binutils-2.26/install-sh'
libdir='${exec_prefix}/lib'
libexecdir='${exec_prefix}/libexec'
localedir='${datarootdir}/locale'
localstatedir='${prefix}/var'
mandir='${datarootdir}/man'
mkdir_p='/Users/liuzhengyang/Code/opensource/openjdk/jdk8/hotspot/src/share/tools/hsdis/binutils-2.26/opcodes/../install-sh -c -d'
oldincludedir='/usr/include'
pdfdir='${docdir}'
prefix='/usr/local'
program_transform_name='s,y,y,'
psdir='${docdir}'
sbindir='${exec_prefix}/sbin'
sharedstatedir='${prefix}/com'
sysconfdir='${prefix}/etc'
target='x86_64-apple-darwin16.1.0'
target_alias='x86_64-apple-darwin16.1.0'
target_cpu='x86_64'
target_noncanonical='x86_64-apple-darwin16.1.0'
target_os='darwin16.1.0'
target_vendor='apple'

## ----------- ##
## confdefs.h. ##
## ----------- ##

/* confdefs.h */
#define PACKAGE_NAME "opcodes"
#define PACKAGE_TARNAME "opcodes"
#define PACKAGE_VERSION "2.26"
#define PACKAGE_STRING "opcodes 2.26"
#define PACKAGE_BUGREPORT ""
#define PACKAGE_URL ""
#define PACKAGE "opcodes"
#define VERSION "2.26"
#define STDC_HEADERS 1
#define HAVE_SYS_TYPES_H 1
#define HAVE_SYS_STAT_H 1
#define HAVE_STDLIB_H 1
#define HAVE_STRING_H 1
#define HAVE_MEMORY_H 1
#define HAVE_STRINGS_H 1
#define HAVE_INTTYPES_H 1
#define HAVE_STDINT_H 1
#define HAVE_UNISTD_H 1
#define __EXTENSIONS__ 1
#define _ALL_SOURCE 1
#define _GNU_SOURCE 1
#define _POSIX_PTHREAD_SEMANTICS 1
#define _TANDEM_SOURCE 1
#define HAVE_DLFCN_H 1
#define LT_OBJDIR ".libs/"
#define HAVE_STRING_H 1
#define HAVE_STRINGS_H 1
#define HAVE_STDLIB_H 1
#define HAVE_LIMITS_H 1
#define STRING_WITH_STRINGS 1
#define HAVE_DECL_BASENAME 0
#define HAVE_DECL_STPCPY 1
#define HAVE_SIGSETJMP 1

configure: exit 0
