This file contains any messages produced by compilers while
running configure, to aid debugging if configure makes a mistake.

It was created by configure, which was
generated by GNU Autoconf 2.64.  Invocation command line was

  $ /Users/liuzhengyang/Code/opensource/openjdk/jdk8/hotspot/src/share/tools/hsdis/binutils-2.26/zlib/configure --srcdir=/Users/liuzhengyang/Code/opensource/openjdk/jdk8/hotspot/src/share/tools/hsdis/binutils-2.26/zlib --cache-file=./config.cache --disable-nls --program-transform-name=s,y,y, --disable-option-checking --build=x86_64-apple-darwin16.1.0 --host=x86_64-apple-darwin16.1.0 --target=x86_64-apple-darwin16.1.0

## --------- ##
## Platform. ##
## --------- ##

hostname = liuzhengyangs-MacBook-Pro.local
uname -m = x86_64
uname -r = 16.1.0
uname -s = Darwin
uname -v = Darwin Kernel Version 16.1.0: Thu Oct 13 21:26:57 PDT 2016; root:xnu-3789.21.3~60/RELEASE_X86_64

/usr/bin/uname -p = i386
/bin/uname -X     = unknown

/bin/arch              = unknown
/usr/bin/arch -k       = unknown
/usr/convex/getsysinfo = unknown
/usr/bin/hostinfo      = Mach kernel version:
	 Darwin Kernel Version 16.1.0: Thu Oct 13 21:26:57 PDT 2016; root:xnu-3789.21.3~60/RELEASE_X86_64
Kernel configured for up to 8 processors.
4 processors are physically available.
8 processors are logically available.
Processor type: x86_64h (Intel x86-64h Haswell)
Processors active: 0 1 2 3 4 5 6 7
Primary memory available: 16.00 gigabytes
Default processor set: 488 tasks, 3617 threads, 8 processors
Load average: 2.94, Mach factor: 5.05
/bin/machine           = unknown
/usr/bin/oslevel       = unknown
/bin/universe          = unknown

PATH: /Users/liuzhengyang/.jenv/bin
PATH: /Library/Java/JavaVirtualMachines/jdk1.8.0_131.jdk/Contents/Home/bin
PATH: /Users/liuzhengyang/bin
PATH: /usr/local/bin
PATH: /Users/liuzhengyang/Soft/kubernetes/client/bin
PATH: /usr/local/bin
PATH: /usr/bin
PATH: /bin
PATH: /usr/sbin
PATH: /sbin
PATH: /opt/X11/bin
PATH: /usr/local/go/bin/bin
PATH: /Users/liuzhengyang/Soft/apache-maven-3.3.3/bin
PATH: /Users/liuzhengyang/Soft/scala/bin
PATH: /Users/liuzhengyang/Soft/node/bin
PATH: /usr/local/mysql/bin
PATH: /usr/local/texlive/2015/bin/x86_64-darwin
PATH: /Users/liuzhengyang/Soft/activator
PATH: /Users/liuzhengyang/Soft/ant/bin
PATH: /Users/liuzhengyang/Soft/zookeeper/bin
PATH: /Users/liuzhengyang/Soft/apache-storm-0.10.0/bin
PATH: /Users/liuzhengyang/Soft/jstorm_deploy/jstorm/bin
PATH: /Users/liuzhengyang/Library/Android/sdk//platform-tools
PATH: /Users/liuzhengyang/scripts
PATH: /Users/liuzhengyang/Soft/grails/bin
PATH: /Users/liuzhengyang/.rvm/bin


## ----------- ##
## Core tests. ##
## ----------- ##

configure:2106: creating cache ./config.cache
configure:2251: checking build system type
configure:2265: result: x86_64-apple-darwin16.1.0
configure:2285: checking host system type
configure:2298: result: x86_64-apple-darwin16.1.0
configure:2318: checking target system type
configure:2331: result: x86_64-apple-darwin16.1.0
configure:2379: checking for a BSD-compatible install
configure:2447: result: /usr/bin/install -c
configure:2458: checking whether build environment is sane
configure:2508: result: yes
configure:2649: checking for a thread-safe mkdir -p
configure:2688: result: /Users/liuzhengyang/Code/opensource/openjdk/jdk8/hotspot/src/share/tools/hsdis/binutils-2.26/zlib/../install-sh -c -d
configure:2701: checking for gawk
configure:2728: result: awk
configure:2739: checking whether make sets $(MAKE)
configure:2761: result: yes
configure:2843: checking whether to enable maintainer-specific portions of Makefiles
configure:2852: result: no
configure:2923: checking for x86_64-apple-darwin16.1.0-gcc
configure:2950: result: gcc
configure:3219: checking for C compiler version
configure:3228: gcc --version >&5
gcc (Homebrew GCC 4.8.5) 4.8.5
Copyright (C) 2015 Free Software Foundation, Inc.
This is free software; see the source for copying conditions.  There is NO
warranty; not even for MERCHANTABILITY or FITNESS FOR A PARTICULAR PURPOSE.

configure:3239: $? = 0
configure:3228: gcc -v >&5
Using built-in specs.
COLLECT_GCC=gcc
COLLECT_LTO_WRAPPER=/usr/local/Cellar/gcc@4.8/4.8.5/libexec/gcc/x86_64-apple-darwin16.1.0/4.8.5/lto-wrapper
Target: x86_64-apple-darwin16.1.0
Configured with: ../configure --build=x86_64-apple-darwin16.1.0 --prefix=/usr/local/Cellar/gcc@4.8/4.8.5 --libdir=/usr/local/Cellar/gcc@4.8/4.8.5/lib/gcc/4.8 --enable-languages=c,c++,objc,obj-c++,fortran --program-suffix=-4.8 --with-gmp=/usr/local/opt/gmp@4 --with-mpfr=/usr/local/opt/mpfr@2 --with-mpc=/usr/local/opt/libmpc@0.8 --with-cloog=/usr/local/opt/cloog --with-isl=/usr/local/opt/isl@0.12 --with-system-zlib --enable-libstdcxx-time=yes --enable-stage1-checking --enable-checking=release --enable-lto --disable-werror --with-pkgversion='Homebrew GCC 4.8.5' --with-bugurl=https://github.com/Homebrew/homebrew-core/issues MAKEINFO=missing --with-build-config=bootstrap-debug --enable-plugin --disable-nls --enable-multilib --with-native-system-header-dir=/usr/include --with-sysroot=/Applications/Xcode.app/Contents/Developer/Platforms/MacOSX.platform/Developer/SDKs/MacOSX10.12.sdk
Thread model: posix
gcc version 4.8.5 (Homebrew GCC 4.8.5) 
configure:3239: $? = 0
configure:3228: gcc -V >&5
gcc: error: unrecognized command line option '-V'
gcc: fatal error: no input files
compilation terminated.
configure:3239: $? = 1
configure:3228: gcc -qversion >&5
gcc: error: unrecognized command line option '-qversion'
gcc: fatal error: no input files
compilation terminated.
configure:3239: $? = 1
configure:3255: gcc -o conftest -fPIC -O  -static-libstdc++ -static-libgcc -Wl,-no_pie  conftest.c  >&5
configure:3258: $? = 0
configure:3287: checking for C compiler default output file name
configure:3309: gcc -fPIC -O  -static-libstdc++ -static-libgcc -Wl,-no_pie  conftest.c  >&5
configure:3313: $? = 0
configure:3350: result: a.out
configure:3366: checking whether the C compiler works
configure:3375: ./a.out
configure:3379: $? = 0
configure:3394: result: yes
configure:3401: checking whether we are cross compiling
configure:3403: result: no
configure:3406: checking for suffix of executables
configure:3413: gcc -o conftest -fPIC -O  -static-libstdc++ -static-libgcc -Wl,-no_pie  conftest.c  >&5
configure:3417: $? = 0
configure:3439: result: 
configure:3446: checking for suffix of object files
configure:3468: gcc -c -fPIC -O  conftest.c >&5
configure:3472: $? = 0
configure:3493: result: o
configure:3497: checking whether we are using the GNU C compiler
configure:3516: gcc -c -fPIC -O  conftest.c >&5
configure:3516: $? = 0
configure:3525: result: yes
configure:3534: checking whether gcc accepts -g
configure:3554: gcc -c -g  conftest.c >&5
configure:3554: $? = 0
configure:3595: result: yes
configure:3612: checking for gcc option to accept ISO C89
configure:3676: gcc  -c -fPIC -O  conftest.c >&5
configure:3676: $? = 0
configure:3689: result: none needed
configure:3720: checking for style of include used by make
configure:3748: result: GNU
configure:3773: checking dependency style of gcc
configure:3883: result: gcc3
configure:3948: checking how to print strings
configure:3975: result: printf
configure:3996: checking for a sed that does not truncate output
configure:4060: result: /usr/bin/sed
configure:4078: checking for grep that handles long lines and -e
configure:4136: result: /usr/local/bin/ggrep
configure:4141: checking for egrep
configure:4203: result: /usr/local/bin/ggrep -E
configure:4208: checking for fgrep
configure:4270: result: /usr/local/bin/ggrep -F
configure:4305: checking for ld used by gcc
configure:4372: result: ld
configure:4379: checking if the linker (ld) is GNU ld
configure:4394: result: no
configure:4406: checking for BSD- or MS-compatible name lister (nm)
configure:4455: result: nm
configure:4585: checking the name lister (nm) interface
configure:4592: gcc -c -fPIC -O  conftest.c >&5
configure:4595: nm "conftest.o"
configure:4598: output
0000000000000000 S _some_variable
configure:4605: result: BSD nm
configure:4608: checking whether ln -s works
configure:4612: result: yes
configure:4620: checking the maximum length of command line arguments
configure:4745: result: 196608
configure:4762: checking whether the shell understands some XSI constructs
configure:4772: result: yes
configure:4776: checking whether the shell understands "+="
configure:4782: result: yes
configure:4817: checking for ld option to reload object files
configure:4824: result: -r
configure:4853: checking for x86_64-apple-darwin16.1.0-objdump
configure:4880: result: objdump
configure:4952: checking how to recognize dependent libraries
configure:5153: result: pass_all
configure:5173: checking for x86_64-apple-darwin16.1.0-ar
configure:5200: result: ar
configure:5278: checking for x86_64-apple-darwin16.1.0-strip
configure:5308: result: no
configure:5318: checking for strip
configure:5334: found /usr/bin/strip
configure:5345: result: strip
configure:5377: checking for x86_64-apple-darwin16.1.0-ranlib
configure:5404: result: ranlib
configure:5546: checking command to parse nm output from gcc object
configure:5664: gcc -c -fPIC -O  conftest.c >&5
configure:5667: $? = 0
configure:5671: nm conftest.o \| sed -n -e 's/^.*[ ]\([BCDEGRST][BCDEGRST]*\)[ ][ ]*\([_A-Za-z][_A-Za-z0-9]*\)$/\1 \2 \2/p' \> conftest.nm
configure:5674: $? = 0
cannot find nm_test_var in conftest.nm
configure:5664: gcc -c -fPIC -O  conftest.c >&5
configure:5667: $? = 0
configure:5671: nm conftest.o \| sed -n -e 's/^.*[ ]\([BCDEGRST][BCDEGRST]*\)[ ][ ]*_\([_A-Za-z][_A-Za-z0-9]*\)$/\1 _\2 \2/p' \> conftest.nm
configure:5674: $? = 0
configure:5728: gcc -o conftest -fPIC -O  -static-libstdc++ -static-libgcc -Wl,-no_pie  conftest.c conftstm.o >&5
configure:5731: $? = 0
configure:5769: result: ok
configure:6010: checking for x86_64-apple-darwin16.1.0-dsymutil
configure:6040: result: no
configure:6050: checking for dsymutil
configure:6066: found /usr/bin/dsymutil
configure:6077: result: dsymutil
configure:6102: checking for x86_64-apple-darwin16.1.0-nmedit
configure:6132: result: no
configure:6142: checking for nmedit
configure:6158: found /usr/bin/nmedit
configure:6169: result: nmedit
configure:6194: checking for x86_64-apple-darwin16.1.0-lipo
configure:6224: result: no
configure:6234: checking for lipo
configure:6250: found /usr/bin/lipo
configure:6261: result: lipo
configure:6286: checking for x86_64-apple-darwin16.1.0-otool
configure:6316: result: no
configure:6326: checking for otool
configure:6342: found /usr/bin/otool
configure:6353: result: otool
configure:6378: checking for x86_64-apple-darwin16.1.0-otool64
configure:6408: result: no
configure:6418: checking for otool64
configure:6448: result: no
configure:6493: checking for -single_module linker flag
gcc -fPIC -O -static-libstdc++ -static-libgcc -Wl,-no_pie  -o libconftest.dylib -dynamiclib -Wl,-single_module conftest.c
configure:6520: result: yes
configure:6522: checking for -exported_symbols_list linker flag
configure:6545: gcc -o conftest -fPIC -O  -static-libstdc++ -static-libgcc -Wl,-no_pie  -Wl,-exported_symbols_list,conftest.sym conftest.c  >&5
configure:6545: $? = 0
configure:6555: result: yes
configure:6557: checking for -force_load linker flag
gcc -fPIC -O -c -o conftest.o conftest.c
ar cru libconftest.a conftest.o
gcc -fPIC -O -static-libstdc++ -static-libgcc -Wl,-no_pie  -o conftest conftest.c -Wl,-force_load,./libconftest.a
configure:6585: result: yes
configure:6627: checking how to run the C preprocessor
configure:6658: gcc -E  conftest.c
configure:6658: $? = 0
configure:6672: gcc -E  conftest.c
conftest.c:11:28: fatal error: ac_nonexistent.h: No such file or directory
 #include <ac_nonexistent.h>
                            ^
compilation terminated.
configure:6672: $? = 1
configure: failed program was:
| /* confdefs.h */
| #define PACKAGE_NAME ""
| #define PACKAGE_TARNAME ""
| #define PACKAGE_VERSION ""
| #define PACKAGE_STRING ""
| #define PACKAGE_BUGREPORT ""
| #define PACKAGE_URL ""
| #define PACKAGE "zlib"
| #define VERSION "1.1.4"
| /* end confdefs.h.  */
| #include <ac_nonexistent.h>
configure:6697: result: gcc -E
configure:6717: gcc -E  conftest.c
configure:6717: $? = 0
configure:6731: gcc -E  conftest.c
conftest.c:11:28: fatal error: ac_nonexistent.h: No such file or directory
 #include <ac_nonexistent.h>
                            ^
compilation terminated.
configure:6731: $? = 1
configure: failed program was:
| /* confdefs.h */
| #define PACKAGE_NAME ""
| #define PACKAGE_TARNAME ""
| #define PACKAGE_VERSION ""
| #define PACKAGE_STRING ""
| #define PACKAGE_BUGREPORT ""
| #define PACKAGE_URL ""
| #define PACKAGE "zlib"
| #define VERSION "1.1.4"
| /* end confdefs.h.  */
| #include <ac_nonexistent.h>
configure:6760: checking for ANSI C header files
configure:6780: gcc -c -fPIC -O  conftest.c >&5
configure:6780: $? = 0
configure:6853: gcc -o conftest -fPIC -O  -static-libstdc++ -static-libgcc -Wl,-no_pie  conftest.c  >&5
configure:6853: $? = 0
configure:6853: ./conftest
configure:6853: $? = 0
configure:6864: result: yes
configure:6877: checking for sys/types.h
configure:6877: gcc -c -fPIC -O  conftest.c >&5
configure:6877: $? = 0
configure:6877: result: yes
configure:6877: checking for sys/stat.h
configure:6877: gcc -c -fPIC -O  conftest.c >&5
configure:6877: $? = 0
configure:6877: result: yes
configure:6877: checking for stdlib.h
configure:6877: gcc -c -fPIC -O  conftest.c >&5
configure:6877: $? = 0
configure:6877: result: yes
configure:6877: checking for string.h
configure:6877: gcc -c -fPIC -O  conftest.c >&5
configure:6877: $? = 0
configure:6877: result: yes
configure:6877: checking for memory.h
configure:6877: gcc -c -fPIC -O  conftest.c >&5
configure:6877: $? = 0
configure:6877: result: yes
configure:6877: checking for strings.h
configure:6877: gcc -c -fPIC -O  conftest.c >&5
configure:6877: $? = 0
configure:6877: result: yes
configure:6877: checking for inttypes.h
configure:6877: gcc -c -fPIC -O  conftest.c >&5
configure:6877: $? = 0
configure:6877: result: yes
configure:6877: checking for stdint.h
configure:6877: gcc -c -fPIC -O  conftest.c >&5
configure:6877: $? = 0
configure:6877: result: yes
configure:6877: checking for unistd.h
configure:6877: gcc -c -fPIC -O  conftest.c >&5
configure:6877: $? = 0
configure:6877: result: yes
configure:6892: checking for dlfcn.h
configure:6892: gcc -c -fPIC -O  conftest.c >&5
configure:6892: $? = 0
configure:6892: result: yes
configure:7079: checking for objdir
configure:7094: result: .libs
configure:7365: checking if gcc supports -fno-rtti -fno-exceptions
configure:7383: gcc -c -fPIC -O  -fno-rtti -fno-exceptions conftest.c >&5
cc1: warning: command line option '-fno-rtti' is valid for C++/ObjC++ but not for C [enabled by default]
configure:7387: $? = 0
configure:7400: result: no
configure:7420: checking for gcc option to produce PIC
configure:7706: result: -fno-common -DPIC
configure:7718: checking if gcc PIC flag -fno-common -DPIC works
configure:7736: gcc -c -fPIC -O  -fno-common -DPIC -DPIC conftest.c >&5
configure:7740: $? = 0
configure:7753: result: yes
configure:7777: checking if gcc static flag -static works
configure:7805: result: no
configure:7820: checking if gcc supports -c -o file.o
configure:7841: gcc -c -fPIC -O  -o out/conftest2.o conftest.c >&5
configure:7845: $? = 0
configure:7867: result: yes
configure:7875: checking if gcc supports -c -o file.o
configure:7922: result: yes
configure:7955: checking whether the gcc linker (ld) supports shared libraries
configure:9035: result: yes
configure:9280: checking dynamic linker characteristics
configure:9956: result: darwin16.1.0 dyld
configure:10063: checking how to hardcode library paths into programs
configure:10088: result: immediate
configure:10643: checking whether stripping libraries is possible
configure:10657: result: yes
configure:10683: checking if libtool supports shared libraries
configure:10685: result: yes
configure:10688: checking whether to build shared libraries
configure:10709: result: yes
configure:10712: checking whether to build static libraries
configure:10716: result: yes
configure:10759: checking how to run the C preprocessor
configure:10829: result: gcc -E
configure:10849: gcc -E  conftest.c
configure:10849: $? = 0
configure:10863: gcc -E  conftest.c
conftest.c:23:28: fatal error: ac_nonexistent.h: No such file or directory
 #include <ac_nonexistent.h>
                            ^
compilation terminated.
configure:10863: $? = 1
configure: failed program was:
| /* confdefs.h */
| #define PACKAGE_NAME ""
| #define PACKAGE_TARNAME ""
| #define PACKAGE_VERSION ""
| #define PACKAGE_STRING ""
| #define PACKAGE_BUGREPORT ""
| #define PACKAGE_URL ""
| #define PACKAGE "zlib"
| #define VERSION "1.1.4"
| #define STDC_HEADERS 1
| #define HAVE_SYS_TYPES_H 1
| #define HAVE_SYS_STAT_H 1
| #define HAVE_STDLIB_H 1
| #define HAVE_STRING_H 1
| #define HAVE_MEMORY_H 1
| #define HAVE_STRINGS_H 1
| #define HAVE_INTTYPES_H 1
| #define HAVE_STDINT_H 1
| #define HAVE_UNISTD_H 1
| #define HAVE_DLFCN_H 1
| #define LT_OBJDIR ".libs/"
| /* end confdefs.h.  */
| #include <ac_nonexistent.h>
configure:10916: checking for stdlib.h
configure:10916: result: yes
configure:10916: checking for unistd.h
configure:10916: result: yes
configure:10929: checking for getpagesize
configure:10929: gcc -o conftest -fPIC -O  -static-libstdc++ -static-libgcc -Wl,-no_pie  conftest.c  >&5
configure:10929: $? = 0
configure:10929: result: yes
configure:10938: checking for working mmap
configure:11075: gcc -o conftest -fPIC -O  -static-libstdc++ -static-libgcc -Wl,-no_pie  conftest.c  >&5
configure:11075: $? = 0
configure:11075: ./conftest
configure:11075: $? = 0
configure:11085: result: yes
configure:11098: checking for memcpy
configure:11098: gcc -o conftest -fPIC -O  -static-libstdc++ -static-libgcc -Wl,-no_pie  conftest.c  >&5
conftest.c:50:6: warning: conflicting types for built-in function 'memcpy' [enabled by default]
 char memcpy ();
      ^
configure:11098: $? = 0
configure:11098: result: yes
configure:11098: checking for strerror
configure:11098: gcc -o conftest -fPIC -O  -static-libstdc++ -static-libgcc -Wl,-no_pie  conftest.c  >&5
configure:11098: $? = 0
configure:11098: result: yes
configure:11164: checking for unistd.h
configure:11164: result: yes
configure:11286: updating cache ./config.cache
configure:11383: creating ./config.status

## ---------------------- ##
## Running config.status. ##
## ---------------------- ##

This file was extended by config.status, which was
generated by GNU Autoconf 2.64.  Invocation command line was

  CONFIG_FILES    = 
  CONFIG_HEADERS  = 
  CONFIG_LINKS    = 
  CONFIG_COMMANDS = 
  $ ./config.status 

on liuzhengyangs-MacBook-Pro.local

config.status:1012: creating Makefile
config.status:1168: executing depfiles commands
config.status:1168: executing libtool commands

## ---------------- ##
## Cache variables. ##
## ---------------- ##

ac_cv_build=x86_64-apple-darwin16.1.0
ac_cv_c_compiler_gnu=yes
ac_cv_env_CPPFLAGS_set=
ac_cv_env_CPPFLAGS_value=
ac_cv_env_CPP_set=
ac_cv_env_CPP_value=
ac_cv_env_build_alias_set=set
ac_cv_env_build_alias_value=x86_64-apple-darwin16.1.0
ac_cv_env_host_alias_set=set
ac_cv_env_host_alias_value=x86_64-apple-darwin16.1.0
ac_cv_env_target_alias_set=set
ac_cv_env_target_alias_value=x86_64-apple-darwin16.1.0
ac_cv_func_getpagesize=yes
ac_cv_func_memcpy=yes
ac_cv_func_mmap_fixed_mapped=yes
ac_cv_func_strerror=yes
ac_cv_header_dlfcn_h=yes
ac_cv_header_inttypes_h=yes
ac_cv_header_memory_h=yes
ac_cv_header_stdc=yes
ac_cv_header_stdint_h=yes
ac_cv_header_stdlib_h=yes
ac_cv_header_string_h=yes
ac_cv_header_strings_h=yes
ac_cv_header_sys_stat_h=yes
ac_cv_header_sys_types_h=yes
ac_cv_header_unistd_h=yes
ac_cv_host=x86_64-apple-darwin16.1.0
ac_cv_objext=o
ac_cv_path_EGREP='/usr/local/bin/ggrep -E'
ac_cv_path_FGREP='/usr/local/bin/ggrep -F'
ac_cv_path_GREP=/usr/local/bin/ggrep
ac_cv_path_SED=/usr/bin/sed
ac_cv_path_install='/usr/bin/install -c'
ac_cv_prog_AR=ar
ac_cv_prog_AWK=awk
ac_cv_prog_CC=gcc
ac_cv_prog_CPP='gcc -E'
ac_cv_prog_OBJDUMP=objdump
ac_cv_prog_RANLIB=ranlib
ac_cv_prog_ac_ct_DSYMUTIL=dsymutil
ac_cv_prog_ac_ct_LIPO=lipo
ac_cv_prog_ac_ct_NMEDIT=nmedit
ac_cv_prog_ac_ct_OTOOL=otool
ac_cv_prog_ac_ct_STRIP=strip
ac_cv_prog_cc_c89=
ac_cv_prog_cc_g=yes
ac_cv_prog_make_make_set=yes
ac_cv_target=x86_64-apple-darwin16.1.0
am_cv_CC_dependencies_compiler_type=gcc3
lt_cv_apple_cc_single_mod=yes
lt_cv_deplibs_check_method=pass_all
lt_cv_file_magic_cmd='$MAGIC_CMD'
lt_cv_file_magic_test_file=
lt_cv_ld_exported_symbols_list=yes
lt_cv_ld_force_load=yes
lt_cv_ld_reload_flag=-r
lt_cv_nm_interface='BSD nm'
lt_cv_objdir=.libs
lt_cv_path_LD=ld
lt_cv_path_NM=nm
lt_cv_prog_compiler_c_o=yes
lt_cv_prog_compiler_pic_works=yes
lt_cv_prog_compiler_rtti_exceptions=no
lt_cv_prog_compiler_static_works=no
lt_cv_prog_gnu_ld=no
lt_cv_sys_global_symbol_pipe='sed -n -e '\''s/^.*[	 ]\([BCDEGRST][BCDEGRST]*\)[	 ][	 ]*_\([_A-Za-z][_A-Za-z0-9]*\)$/\1 _\2 \2/p'\'''
lt_cv_sys_global_symbol_to_c_name_address='sed -n -e '\''s/^: \([^ ]*\) $/  {\"\1\", (void *) 0},/p'\'' -e '\''s/^[BCDEGRST]* \([^ ]*\) \([^ ]*\)$/  {"\2", (void *) \&\2},/p'\'''
lt_cv_sys_global_symbol_to_c_name_address_lib_prefix='sed -n -e '\''s/^: \([^ ]*\) $/  {\"\1\", (void *) 0},/p'\'' -e '\''s/^[BCDEGRST]* \([^ ]*\) \(lib[^ ]*\)$/  {"\2", (void *) \&\2},/p'\'' -e '\''s/^[BCDEGRST]* \([^ ]*\) \([^ ]*\)$/  {"lib\2", (void *) \&\2},/p'\'''
lt_cv_sys_global_symbol_to_cdecl='sed -n -e '\''s/^T .* \(.*\)$/extern int \1();/p'\'' -e '\''s/^[BCDEGRST]* .* \(.*\)$/extern char \1;/p'\'''
lt_cv_sys_max_cmd_len=196608

## ----------------- ##
## Output variables. ##
## ----------------- ##

ACLOCAL='${SHELL} /Users/liuzhengyang/Code/opensource/openjdk/jdk8/hotspot/src/share/tools/hsdis/binutils-2.26/missing --run aclocal-1.11'
AMDEPBACKSLASH='\'
AMDEP_FALSE='#'
AMDEP_TRUE=''
AMTAR='${SHELL} /Users/liuzhengyang/Code/opensource/openjdk/jdk8/hotspot/src/share/tools/hsdis/binutils-2.26/missing --run tar'
AR='ar'
AUTOCONF='${SHELL} /Users/liuzhengyang/Code/opensource/openjdk/jdk8/hotspot/src/share/tools/hsdis/binutils-2.26/missing --run autoconf'
AUTOHEADER='${SHELL} /Users/liuzhengyang/Code/opensource/openjdk/jdk8/hotspot/src/share/tools/hsdis/binutils-2.26/missing --run autoheader'
AUTOMAKE='${SHELL} /Users/liuzhengyang/Code/opensource/openjdk/jdk8/hotspot/src/share/tools/hsdis/binutils-2.26/missing --run automake-1.11'
AWK='awk'
CC='gcc'
CCDEPMODE='depmode=gcc3'
CFLAGS='-fPIC -O'
COMPPATH='.'
CPP='gcc -E'
CPPFLAGS=''
CYGPATH_W='echo'
DEFS='-DPACKAGE_NAME=\"\" -DPACKAGE_TARNAME=\"\" -DPACKAGE_VERSION=\"\" -DPACKAGE_STRING=\"\" -DPACKAGE_BUGREPORT=\"\" -DPACKAGE_URL=\"\" -DPACKAGE=\"zlib\" -DVERSION=\"1.1.4\" -DSTDC_HEADERS=1 -DHAVE_SYS_TYPES_H=1 -DHAVE_SYS_STAT_H=1 -DHAVE_STDLIB_H=1 -DHAVE_STRING_H=1 -DHAVE_MEMORY_H=1 -DHAVE_STRINGS_H=1 -DHAVE_INTTYPES_H=1 -DHAVE_STDINT_H=1 -DHAVE_UNISTD_H=1 -DHAVE_DLFCN_H=1 -DLT_OBJDIR=\".libs/\" -DHAVE_STDLIB_H=1 -DHAVE_UNISTD_H=1 -DHAVE_GETPAGESIZE=1 -DHAVE_MMAP=1 -DHAVE_MEMCPY=1 -DHAVE_STRERROR=1 -DHAVE_UNISTD_H=1'
DEPDIR='.deps'
DSYMUTIL='dsymutil'
DUMPBIN=''
ECHO_C='\c'
ECHO_N=''
ECHO_T=''
EGREP='/usr/local/bin/ggrep -E'
EXEEXT=''
FGREP='/usr/local/bin/ggrep -F'
GREP='/usr/local/bin/ggrep'
INSTALL_DATA='${INSTALL} -m 644'
INSTALL_PROGRAM='${INSTALL}'
INSTALL_SCRIPT='${INSTALL}'
INSTALL_STRIP_PROGRAM='$(install_sh) -c -s'
LD='ld'
LDFLAGS='-static-libstdc++ -static-libgcc -Wl,-no_pie '
LIBOBJS=''
LIBS=''
LIBTOOL='$(SHELL) $(top_builddir)/libtool'
LIPO='lipo'
LN_S='ln -s'
LTLIBOBJS=''
MAINT='#'
MAINTAINER_MODE_FALSE=''
MAINTAINER_MODE_TRUE='#'
MAKEINFO='makeinfo'
MKDIR_P='/Users/liuzhengyang/Code/opensource/openjdk/jdk8/hotspot/src/share/tools/hsdis/binutils-2.26/zlib/../install-sh -c -d'
NM='nm'
NMEDIT='nmedit'
OBJDUMP='objdump'
OBJEXT='o'
OTOOL64=':'
OTOOL='otool'
PACKAGE='zlib'
PACKAGE_BUGREPORT=''
PACKAGE_NAME=''
PACKAGE_STRING=''
PACKAGE_TARNAME=''
PACKAGE_URL=''
PACKAGE_VERSION=''
PATH_SEPARATOR=':'
PICFLAG=''
RANLIB='ranlib'
SED='/usr/bin/sed'
SET_MAKE=''
SHELL='/bin/sh'
STRIP='strip'
TARGET_LIBRARY_FALSE=''
TARGET_LIBRARY_TRUE='#'
VERSION='1.1.4'
ac_ct_CC=''
ac_ct_DUMPBIN=''
am__EXEEXT_FALSE=''
am__EXEEXT_TRUE='#'
am__fastdepCC_FALSE='#'
am__fastdepCC_TRUE=''
am__include='include'
am__isrc=' -I$(srcdir)'
am__leading_dot='.'
am__quote=''
am__tar='${AMTAR} chof - "$$tardir"'
am__untar='${AMTAR} xf -'
bindir='${exec_prefix}/bin'
build='x86_64-apple-darwin16.1.0'
build_alias='x86_64-apple-darwin16.1.0'
build_cpu='x86_64'
build_os='darwin16.1.0'
build_vendor='apple'
datadir='${datarootdir}'
datarootdir='${prefix}/share'
docdir='${datarootdir}/doc/${PACKAGE}'
dvidir='${docdir}'
exec_prefix='${prefix}'
host='x86_64-apple-darwin16.1.0'
host_alias='x86_64-apple-darwin16.1.0'
host_cpu='x86_64'
host_os='darwin16.1.0'
host_vendor='apple'
htmldir='${docdir}'
includedir='${prefix}/include'
infodir='${datarootdir}/info'
install_sh='${SHELL} /Users/liuzhengyang/Code/opensource/openjdk/jdk8/hotspot/src/share/tools/hsdis/binutils-2.26/install-sh'
libdir='${exec_prefix}/lib'
libexecdir='${exec_prefix}/libexec'
localedir='${datarootdir}/locale'
localstatedir='${prefix}/var'
mandir='${datarootdir}/man'
mkdir_p='/Users/liuzhengyang/Code/opensource/openjdk/jdk8/hotspot/src/share/tools/hsdis/binutils-2.26/zlib/../install-sh -c -d'
mkinstalldirs='/Users/liuzhengyang/Code/opensource/openjdk/jdk8/hotspot/src/share/tools/hsdis/binutils-2.26/mkinstalldirs'
multi_basedir=''
oldincludedir='/usr/include'
pdfdir='${docdir}'
prefix='/usr/local'
program_transform_name='s,y,y,'
psdir='${docdir}'
sbindir='${exec_prefix}/sbin'
sharedstatedir='${prefix}/com'
sysconfdir='${prefix}/etc'
target='x86_64-apple-darwin16.1.0'
target_alias='x86_64-apple-darwin16.1.0'
target_all='libzgcj.la'
target_cpu='x86_64'
target_os='darwin16.1.0'
target_vendor='apple'
toolexecdir='$(libdir)/gcc-lib/$(target_alias)'
toolexeclibdir='$(libdir)'

## ----------- ##
## confdefs.h. ##
## ----------- ##

/* confdefs.h */
#define PACKAGE_NAME ""
#define PACKAGE_TARNAME ""
#define PACKAGE_VERSION ""
#define PACKAGE_STRING ""
#define PACKAGE_BUGREPORT ""
#define PACKAGE_URL ""
#define PACKAGE "zlib"
#define VERSION "1.1.4"
#define STDC_HEADERS 1
#define HAVE_SYS_TYPES_H 1
#define HAVE_SYS_STAT_H 1
#define HAVE_STDLIB_H 1
#define HAVE_STRING_H 1
#define HAVE_MEMORY_H 1
#define HAVE_STRINGS_H 1
#define HAVE_INTTYPES_H 1
#define HAVE_STDINT_H 1
#define HAVE_UNISTD_H 1
#define HAVE_DLFCN_H 1
#define LT_OBJDIR ".libs/"
#define HAVE_STDLIB_H 1
#define HAVE_UNISTD_H 1
#define HAVE_GETPAGESIZE 1
#define HAVE_MMAP 1
#define HAVE_MEMCPY 1
#define HAVE_STRERROR 1
#define HAVE_UNISTD_H 1

configure: exit 0
