This file contains any messages produced by compilers while
running configure, to aid debugging if configure makes a mistake.

It was created by bfd configure 2.26, which was
generated by GNU Autoconf 2.64.  Invocation command line was

  $ /Users/liuzhengyang/Code/opensource/openjdk/jdk8/hotspot/src/share/tools/hsdis/binutils-2.26/bfd/configure --srcdir=/Users/liuzhengyang/Code/opensource/openjdk/jdk8/hotspot/src/share/tools/hsdis/binutils-2.26/bfd --cache-file=./config.cache --disable-nls --program-transform-name=s,y,y, --disable-option-checking --build=x86_64-apple-darwin16.1.0 --host=x86_64-apple-darwin16.1.0 --target=x86_64-apple-darwin16.1.0

## --------- ##
## Platform. ##
## --------- ##

hostname = liuzhengyangs-MacBook-Pro.local
uname -m = x86_64
uname -r = 16.1.0
uname -s = Darwin
uname -v = Darwin Kernel Version 16.1.0: Thu Oct 13 21:26:57 PDT 2016; root:xnu-3789.21.3~60/RELEASE_X86_64

/usr/bin/uname -p = i386
/bin/uname -X     = unknown

/bin/arch              = unknown
/usr/bin/arch -k       = unknown
/usr/convex/getsysinfo = unknown
/usr/bin/hostinfo      = Mach kernel version:
	 Darwin Kernel Version 16.1.0: Thu Oct 13 21:26:57 PDT 2016; root:xnu-3789.21.3~60/RELEASE_X86_64
Kernel configured for up to 8 processors.
4 processors are physically available.
8 processors are logically available.
Processor type: x86_64h (Intel x86-64h Haswell)
Processors active: 0 1 2 3 4 5 6 7
Primary memory available: 16.00 gigabytes
Default processor set: 488 tasks, 3541 threads, 8 processors
Load average: 3.13, Mach factor: 4.86
/bin/machine           = unknown
/usr/bin/oslevel       = unknown
/bin/universe          = unknown

PATH: /Users/liuzhengyang/.jenv/bin
PATH: /Library/Java/JavaVirtualMachines/jdk1.8.0_131.jdk/Contents/Home/bin
PATH: /Users/liuzhengyang/bin
PATH: /usr/local/bin
PATH: /Users/liuzhengyang/Soft/kubernetes/client/bin
PATH: /usr/local/bin
PATH: /usr/bin
PATH: /bin
PATH: /usr/sbin
PATH: /sbin
PATH: /opt/X11/bin
PATH: /usr/local/go/bin/bin
PATH: /Users/liuzhengyang/Soft/apache-maven-3.3.3/bin
PATH: /Users/liuzhengyang/Soft/scala/bin
PATH: /Users/liuzhengyang/Soft/node/bin
PATH: /usr/local/mysql/bin
PATH: /usr/local/texlive/2015/bin/x86_64-darwin
PATH: /Users/liuzhengyang/Soft/activator
PATH: /Users/liuzhengyang/Soft/ant/bin
PATH: /Users/liuzhengyang/Soft/zookeeper/bin
PATH: /Users/liuzhengyang/Soft/apache-storm-0.10.0/bin
PATH: /Users/liuzhengyang/Soft/jstorm_deploy/jstorm/bin
PATH: /Users/liuzhengyang/Library/Android/sdk//platform-tools
PATH: /Users/liuzhengyang/scripts
PATH: /Users/liuzhengyang/Soft/grails/bin
PATH: /Users/liuzhengyang/.rvm/bin


## ----------- ##
## Core tests. ##
## ----------- ##

configure:2462: creating cache ./config.cache
configure:2567: checking build system type
configure:2581: result: x86_64-apple-darwin16.1.0
configure:2601: checking host system type
configure:2614: result: x86_64-apple-darwin16.1.0
configure:2634: checking target system type
configure:2647: result: x86_64-apple-darwin16.1.0
configure:2681: checking for x86_64-apple-darwin16.1.0-gcc
configure:2708: result: gcc
configure:2977: checking for C compiler version
configure:2986: gcc --version >&5
gcc (Homebrew GCC 4.8.5) 4.8.5
Copyright (C) 2015 Free Software Foundation, Inc.
This is free software; see the source for copying conditions.  There is NO
warranty; not even for MERCHANTABILITY or FITNESS FOR A PARTICULAR PURPOSE.

configure:2997: $? = 0
configure:2986: gcc -v >&5
Using built-in specs.
COLLECT_GCC=gcc
COLLECT_LTO_WRAPPER=/usr/local/Cellar/gcc@4.8/4.8.5/libexec/gcc/x86_64-apple-darwin16.1.0/4.8.5/lto-wrapper
Target: x86_64-apple-darwin16.1.0
Configured with: ../configure --build=x86_64-apple-darwin16.1.0 --prefix=/usr/local/Cellar/gcc@4.8/4.8.5 --libdir=/usr/local/Cellar/gcc@4.8/4.8.5/lib/gcc/4.8 --enable-languages=c,c++,objc,obj-c++,fortran --program-suffix=-4.8 --with-gmp=/usr/local/opt/gmp@4 --with-mpfr=/usr/local/opt/mpfr@2 --with-mpc=/usr/local/opt/libmpc@0.8 --with-cloog=/usr/local/opt/cloog --with-isl=/usr/local/opt/isl@0.12 --with-system-zlib --enable-libstdcxx-time=yes --enable-stage1-checking --enable-checking=release --enable-lto --disable-werror --with-pkgversion='Homebrew GCC 4.8.5' --with-bugurl=https://github.com/Homebrew/homebrew-core/issues MAKEINFO=missing --with-build-config=bootstrap-debug --enable-plugin --disable-nls --enable-multilib --with-native-system-header-dir=/usr/include --with-sysroot=/Applications/Xcode.app/Contents/Developer/Platforms/MacOSX.platform/Developer/SDKs/MacOSX10.12.sdk
Thread model: posix
gcc version 4.8.5 (Homebrew GCC 4.8.5) 
configure:2997: $? = 0
configure:2986: gcc -V >&5
gcc: error: unrecognized command line option '-V'
gcc: fatal error: no input files
compilation terminated.
configure:2997: $? = 1
configure:2986: gcc -qversion >&5
gcc: error: unrecognized command line option '-qversion'
gcc: fatal error: no input files
compilation terminated.
configure:2997: $? = 1
configure:3017: checking for C compiler default output file name
configure:3039: gcc -fPIC -O  -static-libstdc++ -static-libgcc -Wl,-no_pie  conftest.c  >&5
configure:3043: $? = 0
configure:3080: result: a.out
configure:3096: checking whether the C compiler works
configure:3105: ./a.out
configure:3109: $? = 0
configure:3124: result: yes
configure:3131: checking whether we are cross compiling
configure:3133: result: no
configure:3136: checking for suffix of executables
configure:3143: gcc -o conftest -fPIC -O  -static-libstdc++ -static-libgcc -Wl,-no_pie  conftest.c  >&5
configure:3147: $? = 0
configure:3169: result: 
configure:3175: checking for suffix of object files
configure:3197: gcc -c -fPIC -O  conftest.c >&5
configure:3201: $? = 0
configure:3222: result: o
configure:3226: checking whether we are using the GNU C compiler
configure:3245: gcc -c -fPIC -O  conftest.c >&5
configure:3245: $? = 0
configure:3254: result: yes
configure:3263: checking whether gcc accepts -g
configure:3283: gcc -c -g  conftest.c >&5
configure:3283: $? = 0
configure:3324: result: yes
configure:3341: checking for gcc option to accept ISO C89
configure:3405: gcc  -c -fPIC -O  conftest.c >&5
configure:3405: $? = 0
configure:3418: result: none needed
configure:3439: checking for library containing strerror
configure:3470: gcc -o conftest -fPIC -O  -static-libstdc++ -static-libgcc -Wl,-no_pie  conftest.c  >&5
configure:3470: $? = 0
configure:3487: result: none required
configure:3512: checking for a BSD-compatible install
configure:3580: result: /usr/bin/install -c
configure:3591: checking whether build environment is sane
configure:3641: result: yes
configure:3782: checking for a thread-safe mkdir -p
configure:3821: result: /Users/liuzhengyang/Code/opensource/openjdk/jdk8/hotspot/src/share/tools/hsdis/binutils-2.26/bfd/../install-sh -c -d
configure:3834: checking for gawk
configure:3861: result: awk
configure:3872: checking whether make sets $(MAKE)
configure:3894: result: yes
configure:3924: checking for style of include used by make
configure:3952: result: GNU
configure:4037: checking dependency style of gcc
configure:4147: result: gcc3
configure:4167: checking for x86_64-apple-darwin16.1.0-ar
configure:4194: result: ar
configure:4259: checking for x86_64-apple-darwin16.1.0-ranlib
configure:4286: result: ranlib
configure:4389: checking for x86_64-apple-darwin16.1.0-gcc
configure:4416: result: gcc
configure:4685: checking for C compiler version
configure:4694: gcc --version >&5
gcc (Homebrew GCC 4.8.5) 4.8.5
Copyright (C) 2015 Free Software Foundation, Inc.
This is free software; see the source for copying conditions.  There is NO
warranty; not even for MERCHANTABILITY or FITNESS FOR A PARTICULAR PURPOSE.

configure:4705: $? = 0
configure:4694: gcc -v >&5
Using built-in specs.
COLLECT_GCC=gcc
COLLECT_LTO_WRAPPER=/usr/local/Cellar/gcc@4.8/4.8.5/libexec/gcc/x86_64-apple-darwin16.1.0/4.8.5/lto-wrapper
Target: x86_64-apple-darwin16.1.0
Configured with: ../configure --build=x86_64-apple-darwin16.1.0 --prefix=/usr/local/Cellar/gcc@4.8/4.8.5 --libdir=/usr/local/Cellar/gcc@4.8/4.8.5/lib/gcc/4.8 --enable-languages=c,c++,objc,obj-c++,fortran --program-suffix=-4.8 --with-gmp=/usr/local/opt/gmp@4 --with-mpfr=/usr/local/opt/mpfr@2 --with-mpc=/usr/local/opt/libmpc@0.8 --with-cloog=/usr/local/opt/cloog --with-isl=/usr/local/opt/isl@0.12 --with-system-zlib --enable-libstdcxx-time=yes --enable-stage1-checking --enable-checking=release --enable-lto --disable-werror --with-pkgversion='Homebrew GCC 4.8.5' --with-bugurl=https://github.com/Homebrew/homebrew-core/issues MAKEINFO=missing --with-build-config=bootstrap-debug --enable-plugin --disable-nls --enable-multilib --with-native-system-header-dir=/usr/include --with-sysroot=/Applications/Xcode.app/Contents/Developer/Platforms/MacOSX.platform/Developer/SDKs/MacOSX10.12.sdk
Thread model: posix
gcc version 4.8.5 (Homebrew GCC 4.8.5) 
configure:4705: $? = 0
configure:4694: gcc -V >&5
gcc: error: unrecognized command line option '-V'
gcc: fatal error: no input files
compilation terminated.
configure:4705: $? = 1
configure:4694: gcc -qversion >&5
gcc: error: unrecognized command line option '-qversion'
gcc: fatal error: no input files
compilation terminated.
configure:4705: $? = 1
configure:4709: checking whether we are using the GNU C compiler
configure:4737: result: yes
configure:4746: checking whether gcc accepts -g
configure:4807: result: yes
configure:4824: checking for gcc option to accept ISO C89
configure:4901: result: none needed
configure:4926: checking how to run the C preprocessor
configure:4957: gcc -E  conftest.c
configure:4957: $? = 0
configure:4971: gcc -E  conftest.c
conftest.c:11:28: fatal error: ac_nonexistent.h: No such file or directory
 #include <ac_nonexistent.h>
                            ^
compilation terminated.
configure:4971: $? = 1
configure: failed program was:
| /* confdefs.h */
| #define PACKAGE_NAME "bfd"
| #define PACKAGE_TARNAME "bfd"
| #define PACKAGE_VERSION "2.26"
| #define PACKAGE_STRING "bfd 2.26"
| #define PACKAGE_BUGREPORT ""
| #define PACKAGE_URL ""
| #define PACKAGE "bfd"
| #define VERSION "2.26"
| /* end confdefs.h.  */
| #include <ac_nonexistent.h>
configure:4996: result: gcc -E
configure:5016: gcc -E  conftest.c
configure:5016: $? = 0
configure:5030: gcc -E  conftest.c
conftest.c:11:28: fatal error: ac_nonexistent.h: No such file or directory
 #include <ac_nonexistent.h>
                            ^
compilation terminated.
configure:5030: $? = 1
configure: failed program was:
| /* confdefs.h */
| #define PACKAGE_NAME "bfd"
| #define PACKAGE_TARNAME "bfd"
| #define PACKAGE_VERSION "2.26"
| #define PACKAGE_STRING "bfd 2.26"
| #define PACKAGE_BUGREPORT ""
| #define PACKAGE_URL ""
| #define PACKAGE "bfd"
| #define VERSION "2.26"
| /* end confdefs.h.  */
| #include <ac_nonexistent.h>
configure:5059: checking for grep that handles long lines and -e
configure:5117: result: /usr/local/bin/ggrep
configure:5122: checking for egrep
configure:5184: result: /usr/local/bin/ggrep -E
configure:5189: checking for ANSI C header files
configure:5209: gcc -c -fPIC -O  conftest.c >&5
configure:5209: $? = 0
configure:5282: gcc -o conftest -fPIC -O  -static-libstdc++ -static-libgcc -Wl,-no_pie  conftest.c  >&5
configure:5282: $? = 0
configure:5282: ./conftest
configure:5282: $? = 0
configure:5293: result: yes
configure:5306: checking for sys/types.h
configure:5306: gcc -c -fPIC -O  conftest.c >&5
configure:5306: $? = 0
configure:5306: result: yes
configure:5306: checking for sys/stat.h
configure:5306: gcc -c -fPIC -O  conftest.c >&5
configure:5306: $? = 0
configure:5306: result: yes
configure:5306: checking for stdlib.h
configure:5306: gcc -c -fPIC -O  conftest.c >&5
configure:5306: $? = 0
configure:5306: result: yes
configure:5306: checking for string.h
configure:5306: gcc -c -fPIC -O  conftest.c >&5
configure:5306: $? = 0
configure:5306: result: yes
configure:5306: checking for memory.h
configure:5306: gcc -c -fPIC -O  conftest.c >&5
configure:5306: $? = 0
configure:5306: result: yes
configure:5306: checking for strings.h
configure:5306: gcc -c -fPIC -O  conftest.c >&5
configure:5306: $? = 0
configure:5306: result: yes
configure:5306: checking for inttypes.h
configure:5306: gcc -c -fPIC -O  conftest.c >&5
configure:5306: $? = 0
configure:5306: result: yes
configure:5306: checking for stdint.h
configure:5306: gcc -c -fPIC -O  conftest.c >&5
configure:5306: $? = 0
configure:5306: result: yes
configure:5306: checking for unistd.h
configure:5306: gcc -c -fPIC -O  conftest.c >&5
configure:5306: $? = 0
configure:5306: result: yes
configure:5320: checking minix/config.h usability
configure:5320: gcc -c -fPIC -O  conftest.c >&5
conftest.c:54:26: fatal error: minix/config.h: No such file or directory
 #include <minix/config.h>
                          ^
compilation terminated.
configure:5320: $? = 1
configure: failed program was:
| /* confdefs.h */
| #define PACKAGE_NAME "bfd"
| #define PACKAGE_TARNAME "bfd"
| #define PACKAGE_VERSION "2.26"
| #define PACKAGE_STRING "bfd 2.26"
| #define PACKAGE_BUGREPORT ""
| #define PACKAGE_URL ""
| #define PACKAGE "bfd"
| #define VERSION "2.26"
| #define STDC_HEADERS 1
| #define HAVE_SYS_TYPES_H 1
| #define HAVE_SYS_STAT_H 1
| #define HAVE_STDLIB_H 1
| #define HAVE_STRING_H 1
| #define HAVE_MEMORY_H 1
| #define HAVE_STRINGS_H 1
| #define HAVE_INTTYPES_H 1
| #define HAVE_STDINT_H 1
| #define HAVE_UNISTD_H 1
| /* end confdefs.h.  */
| #include <stdio.h>
| #ifdef HAVE_SYS_TYPES_H
| # include <sys/types.h>
| #endif
| #ifdef HAVE_SYS_STAT_H
| # include <sys/stat.h>
| #endif
| #ifdef STDC_HEADERS
| # include <stdlib.h>
| # include <stddef.h>
| #else
| # ifdef HAVE_STDLIB_H
| #  include <stdlib.h>
| # endif
| #endif
| #ifdef HAVE_STRING_H
| # if !defined STDC_HEADERS && defined HAVE_MEMORY_H
| #  include <memory.h>
| # endif
| # include <string.h>
| #endif
| #ifdef HAVE_STRINGS_H
| # include <strings.h>
| #endif
| #ifdef HAVE_INTTYPES_H
| # include <inttypes.h>
| #endif
| #ifdef HAVE_STDINT_H
| # include <stdint.h>
| #endif
| #ifdef HAVE_UNISTD_H
| # include <unistd.h>
| #endif
| #include <minix/config.h>
configure:5320: result: no
configure:5320: checking minix/config.h presence
configure:5320: gcc -E  conftest.c
conftest.c:21:26: fatal error: minix/config.h: No such file or directory
 #include <minix/config.h>
                          ^
compilation terminated.
configure:5320: $? = 1
configure: failed program was:
| /* confdefs.h */
| #define PACKAGE_NAME "bfd"
| #define PACKAGE_TARNAME "bfd"
| #define PACKAGE_VERSION "2.26"
| #define PACKAGE_STRING "bfd 2.26"
| #define PACKAGE_BUGREPORT ""
| #define PACKAGE_URL ""
| #define PACKAGE "bfd"
| #define VERSION "2.26"
| #define STDC_HEADERS 1
| #define HAVE_SYS_TYPES_H 1
| #define HAVE_SYS_STAT_H 1
| #define HAVE_STDLIB_H 1
| #define HAVE_STRING_H 1
| #define HAVE_MEMORY_H 1
| #define HAVE_STRINGS_H 1
| #define HAVE_INTTYPES_H 1
| #define HAVE_STDINT_H 1
| #define HAVE_UNISTD_H 1
| /* end confdefs.h.  */
| #include <minix/config.h>
configure:5320: result: no
configure:5320: checking for minix/config.h
configure:5320: result: no
configure:5341: checking whether it is safe to define __EXTENSIONS__
configure:5359: gcc -c -fPIC -O  conftest.c >&5
configure:5359: $? = 0
configure:5366: result: yes
configure:5429: checking how to print strings
configure:5456: result: printf
configure:5477: checking for a sed that does not truncate output
configure:5541: result: /usr/bin/sed
configure:5559: checking for fgrep
configure:5621: result: /usr/local/bin/ggrep -F
configure:5656: checking for ld used by gcc
configure:5723: result: ld
configure:5730: checking if the linker (ld) is GNU ld
configure:5745: result: no
configure:5757: checking for BSD- or MS-compatible name lister (nm)
configure:5806: result: nm
configure:5936: checking the name lister (nm) interface
configure:5943: gcc -c -fPIC -O  conftest.c >&5
configure:5946: nm "conftest.o"
configure:5949: output
0000000000000000 S _some_variable
configure:5956: result: BSD nm
configure:5959: checking whether ln -s works
configure:5963: result: yes
configure:5971: checking the maximum length of command line arguments
configure:6096: result: 196608
configure:6113: checking whether the shell understands some XSI constructs
configure:6123: result: yes
configure:6127: checking whether the shell understands "+="
configure:6133: result: yes
configure:6168: checking for ld option to reload object files
configure:6175: result: -r
configure:6204: checking for x86_64-apple-darwin16.1.0-objdump
configure:6231: result: objdump
configure:6303: checking how to recognize dependent libraries
configure:6504: result: pass_all
configure:6524: checking for x86_64-apple-darwin16.1.0-ar
configure:6551: result: ar
configure:6629: checking for x86_64-apple-darwin16.1.0-strip
configure:6659: result: no
configure:6669: checking for strip
configure:6685: found /usr/bin/strip
configure:6696: result: strip
configure:6728: checking for x86_64-apple-darwin16.1.0-ranlib
configure:6755: result: ranlib
configure:6897: checking command to parse nm output from gcc object
configure:7015: gcc -c -fPIC -O  conftest.c >&5
configure:7018: $? = 0
configure:7022: nm conftest.o \| sed -n -e 's/^.*[ ]\([BCDEGRST][BCDEGRST]*\)[ ][ ]*\([_A-Za-z][_A-Za-z0-9]*\)$/\1 \2 \2/p' \> conftest.nm
configure:7025: $? = 0
cannot find nm_test_var in conftest.nm
configure:7015: gcc -c -fPIC -O  conftest.c >&5
configure:7018: $? = 0
configure:7022: nm conftest.o \| sed -n -e 's/^.*[ ]\([BCDEGRST][BCDEGRST]*\)[ ][ ]*_\([_A-Za-z][_A-Za-z0-9]*\)$/\1 _\2 \2/p' \> conftest.nm
configure:7025: $? = 0
configure:7079: gcc -o conftest -fPIC -O  -static-libstdc++ -static-libgcc -Wl,-no_pie  conftest.c conftstm.o >&5
configure:7082: $? = 0
configure:7120: result: ok
configure:7357: checking for x86_64-apple-darwin16.1.0-dsymutil
configure:7387: result: no
configure:7397: checking for dsymutil
configure:7413: found /usr/bin/dsymutil
configure:7424: result: dsymutil
configure:7449: checking for x86_64-apple-darwin16.1.0-nmedit
configure:7479: result: no
configure:7489: checking for nmedit
configure:7505: found /usr/bin/nmedit
configure:7516: result: nmedit
configure:7541: checking for x86_64-apple-darwin16.1.0-lipo
configure:7571: result: no
configure:7581: checking for lipo
configure:7597: found /usr/bin/lipo
configure:7608: result: lipo
configure:7633: checking for x86_64-apple-darwin16.1.0-otool
configure:7663: result: no
configure:7673: checking for otool
configure:7689: found /usr/bin/otool
configure:7700: result: otool
configure:7725: checking for x86_64-apple-darwin16.1.0-otool64
configure:7755: result: no
configure:7765: checking for otool64
configure:7795: result: no
configure:7840: checking for -single_module linker flag
gcc -fPIC -O -static-libstdc++ -static-libgcc -Wl,-no_pie  -o libconftest.dylib -dynamiclib -Wl,-single_module conftest.c
configure:7867: result: yes
configure:7869: checking for -exported_symbols_list linker flag
configure:7889: gcc -o conftest -fPIC -O  -static-libstdc++ -static-libgcc -Wl,-no_pie  -Wl,-exported_symbols_list,conftest.sym conftest.c  >&5
configure:7889: $? = 0
configure:7899: result: yes
configure:7901: checking for -force_load linker flag
gcc -fPIC -O -c -o conftest.o conftest.c
ar cru libconftest.a conftest.o
gcc -fPIC -O -static-libstdc++ -static-libgcc -Wl,-no_pie  -o conftest conftest.c -Wl,-force_load,./libconftest.a
configure:7929: result: yes
configure:7968: checking for dlfcn.h
configure:7968: gcc -c -fPIC -O  conftest.c >&5
configure:7968: $? = 0
configure:7968: result: yes
configure:8124: checking for objdir
configure:8139: result: .libs
configure:8410: checking if gcc supports -fno-rtti -fno-exceptions
configure:8428: gcc -c -fPIC -O  -fno-rtti -fno-exceptions conftest.c >&5
cc1: warning: command line option '-fno-rtti' is valid for C++/ObjC++ but not for C [enabled by default]
configure:8432: $? = 0
configure:8445: result: no
configure:8465: checking for gcc option to produce PIC
configure:8751: result: -fno-common -DPIC
configure:8763: checking if gcc PIC flag -fno-common -DPIC works
configure:8781: gcc -c -fPIC -O  -fno-common -DPIC -DPIC conftest.c >&5
configure:8785: $? = 0
configure:8798: result: yes
configure:8822: checking if gcc static flag -static works
configure:8850: result: no
configure:8865: checking if gcc supports -c -o file.o
configure:8886: gcc -c -fPIC -O  -o out/conftest2.o conftest.c >&5
configure:8890: $? = 0
configure:8912: result: yes
configure:8920: checking if gcc supports -c -o file.o
configure:8967: result: yes
configure:9000: checking whether the gcc linker (ld) supports shared libraries
configure:10071: result: yes
configure:10316: checking dynamic linker characteristics
configure:10989: result: darwin16.1.0 dyld
configure:11096: checking how to hardcode library paths into programs
configure:11121: result: immediate
configure:11166: checking for dlopen in -ldl
configure:11191: gcc -o conftest -fPIC -O  -static-libstdc++ -static-libgcc -Wl,-no_pie  conftest.c -ldl   >&5
configure:11191: $? = 0
configure:11200: result: yes
configure:11415: checking whether a program can dlopen itself
configure:11495: gcc -o conftest -fPIC -O  -DHAVE_DLFCN_H -static-libstdc++ -static-libgcc -Wl,-no_pie   conftest.c -ldl  >&5
configure:11498: $? = 0
configure:11516: result: yes
configure:11521: checking whether a statically linked program can dlopen itself
configure:11601: gcc -o conftest -fPIC -O  -DHAVE_DLFCN_H -static-libstdc++ -static-libgcc -Wl,-no_pie    conftest.c -ldl  >&5
configure:11604: $? = 0
configure:11622: result: yes
configure:11661: checking whether stripping libraries is possible
configure:11675: result: yes
configure:11701: checking if libtool supports shared libraries
configure:11703: result: yes
configure:11706: checking whether to build shared libraries
configure:11727: result: no
configure:11730: checking whether to build static libraries
configure:11734: result: yes
configure:11784: checking for dlfcn.h
configure:11784: result: yes
configure:11797: checking for windows.h
configure:11797: gcc -c -fPIC -O  conftest.c >&5
conftest.c:63:21: fatal error: windows.h: No such file or directory
 #include <windows.h>
                     ^
compilation terminated.
configure:11797: $? = 1
configure: failed program was:
| /* confdefs.h */
| #define PACKAGE_NAME "bfd"
| #define PACKAGE_TARNAME "bfd"
| #define PACKAGE_VERSION "2.26"
| #define PACKAGE_STRING "bfd 2.26"
| #define PACKAGE_BUGREPORT ""
| #define PACKAGE_URL ""
| #define PACKAGE "bfd"
| #define VERSION "2.26"
| #define STDC_HEADERS 1
| #define HAVE_SYS_TYPES_H 1
| #define HAVE_SYS_STAT_H 1
| #define HAVE_STDLIB_H 1
| #define HAVE_STRING_H 1
| #define HAVE_MEMORY_H 1
| #define HAVE_STRINGS_H 1
| #define HAVE_INTTYPES_H 1
| #define HAVE_STDINT_H 1
| #define HAVE_UNISTD_H 1
| #define __EXTENSIONS__ 1
| #define _ALL_SOURCE 1
| #define _GNU_SOURCE 1
| #define _POSIX_PTHREAD_SEMANTICS 1
| #define _TANDEM_SOURCE 1
| #define HAVE_DLFCN_H 1
| #define LT_OBJDIR ".libs/"
| #define HAVE_DLFCN_H 1
| /* end confdefs.h.  */
| #include <stdio.h>
| #ifdef HAVE_SYS_TYPES_H
| # include <sys/types.h>
| #endif
| #ifdef HAVE_SYS_STAT_H
| # include <sys/stat.h>
| #endif
| #ifdef STDC_HEADERS
| # include <stdlib.h>
| # include <stddef.h>
| #else
| # ifdef HAVE_STDLIB_H
| #  include <stdlib.h>
| # endif
| #endif
| #ifdef HAVE_STRING_H
| # if !defined STDC_HEADERS && defined HAVE_MEMORY_H
| #  include <memory.h>
| # endif
| # include <string.h>
| #endif
| #ifdef HAVE_STRINGS_H
| # include <strings.h>
| #endif
| #ifdef HAVE_INTTYPES_H
| # include <inttypes.h>
| #endif
| #ifdef HAVE_STDINT_H
| # include <stdint.h>
| #endif
| #ifdef HAVE_UNISTD_H
| # include <unistd.h>
| #endif
| 
| #include <windows.h>
configure:11797: result: no
configure:11824: checking for library containing dlopen
configure:11855: gcc -o conftest -fPIC -O  -static-libstdc++ -static-libgcc -Wl,-no_pie  conftest.c  >&5
configure:11855: $? = 0
configure:11872: result: none required
configure:11903: checking for special C compiler options needed for large files
configure:11948: result: no
configure:11954: checking for _FILE_OFFSET_BITS value needed for large files
configure:11979: gcc -c -fPIC -O  conftest.c >&5
configure:11979: $? = 0
configure:12011: result: no
configure:12335: checking whether to enable maintainer-specific portions of Makefiles
configure:12344: result: no
configure:12380: checking whether to install libbfd
configure:12393: result: yes
configure:12443: checking whether NLS is requested
configure:12446: result: no
configure:12514: checking whether NLS is requested
configure:12523: result: no
configure:12561: checking for msgfmt
configure:12595: result: no
configure:12601: checking for gmsgfmt
configure:12632: result: :
configure:12672: checking for xgettext
configure:12706: result: no
configure:12743: checking for msgmerge
configure:12776: result: no
configure:12826: checking size of long long
configure:12831: gcc -o conftest -fPIC -O  -static-libstdc++ -static-libgcc -Wl,-no_pie  conftest.c  >&5
configure:12831: $? = 0
configure:12831: ./conftest
configure:12831: $? = 0
configure:12846: result: 8
configure:12860: checking size of void *
configure:12865: gcc -o conftest -fPIC -O  -static-libstdc++ -static-libgcc -Wl,-no_pie  conftest.c  >&5
configure:12865: $? = 0
configure:12865: ./conftest
configure:12865: $? = 0
configure:12880: result: 8
configure:12894: checking size of long
configure:12899: gcc -o conftest -fPIC -O  -static-libstdc++ -static-libgcc -Wl,-no_pie  conftest.c  >&5
configure:12899: $? = 0
configure:12899: ./conftest
configure:12899: $? = 0
configure:12914: result: 8
configure:12996: checking alloca.h usability
configure:12996: gcc -c -fPIC -O  conftest.c >&5
configure:12996: $? = 0
configure:12996: result: yes
configure:12996: checking alloca.h presence
configure:12996: gcc -E  conftest.c
configure:12996: $? = 0
configure:12996: result: yes
configure:12996: checking for alloca.h
configure:12996: result: yes
configure:12996: checking stddef.h usability
configure:12996: gcc -c -fPIC -O  conftest.c >&5
configure:12996: $? = 0
configure:12996: result: yes
configure:12996: checking stddef.h presence
configure:12996: gcc -E  conftest.c
configure:12996: $? = 0
configure:12996: result: yes
configure:12996: checking for stddef.h
configure:12996: result: yes
configure:12996: checking for string.h
configure:12996: result: yes
configure:12996: checking for strings.h
configure:12996: result: yes
configure:12996: checking for stdlib.h
configure:12996: result: yes
configure:12996: checking time.h usability
configure:12996: gcc -c -fPIC -O  conftest.c >&5
configure:12996: $? = 0
configure:12996: result: yes
configure:12996: checking time.h presence
configure:12996: gcc -E  conftest.c
configure:12996: $? = 0
configure:12996: result: yes
configure:12996: checking for time.h
configure:12996: result: yes
configure:12996: checking for unistd.h
configure:12996: result: yes
configure:12996: checking wchar.h usability
configure:12996: gcc -c -fPIC -O  conftest.c >&5
configure:12996: $? = 0
configure:12996: result: yes
configure:12996: checking wchar.h presence
configure:12996: gcc -E  conftest.c
configure:12996: $? = 0
configure:12996: result: yes
configure:12996: checking for wchar.h
configure:12996: result: yes
configure:12996: checking wctype.h usability
configure:12996: gcc -c -fPIC -O  conftest.c >&5
configure:12996: $? = 0
configure:12996: result: yes
configure:12996: checking wctype.h presence
configure:12996: gcc -E  conftest.c
configure:12996: $? = 0
configure:12996: result: yes
configure:12996: checking for wctype.h
configure:12996: result: yes
configure:13010: checking fcntl.h usability
configure:13010: gcc -c -fPIC -O  conftest.c >&5
configure:13010: $? = 0
configure:13010: result: yes
configure:13010: checking fcntl.h presence
configure:13010: gcc -E  conftest.c
configure:13010: $? = 0
configure:13010: result: yes
configure:13010: checking for fcntl.h
configure:13010: result: yes
configure:13010: checking sys/file.h usability
configure:13010: gcc -c -fPIC -O  conftest.c >&5
configure:13010: $? = 0
configure:13010: result: yes
configure:13010: checking sys/file.h presence
configure:13010: gcc -E  conftest.c
configure:13010: $? = 0
configure:13010: result: yes
configure:13010: checking for sys/file.h
configure:13010: result: yes
configure:13010: checking sys/time.h usability
configure:13010: gcc -c -fPIC -O  conftest.c >&5
configure:13010: $? = 0
configure:13010: result: yes
configure:13010: checking sys/time.h presence
configure:13010: gcc -E  conftest.c
configure:13010: $? = 0
configure:13010: result: yes
configure:13010: checking for sys/time.h
configure:13010: result: yes
configure:13010: checking for sys/stat.h
configure:13010: result: yes
configure:13010: checking sys/resource.h usability
configure:13010: gcc -c -fPIC -O  conftest.c >&5
configure:13010: $? = 0
configure:13010: result: yes
configure:13010: checking sys/resource.h presence
configure:13010: gcc -E  conftest.c
configure:13010: $? = 0
configure:13010: result: yes
configure:13010: checking for sys/resource.h
configure:13010: result: yes
configure:13034: checking for uintmax_t
configure:13034: gcc -c -fPIC -O  conftest.c >&5
configure:13034: $? = 0
configure:13034: gcc -c -fPIC -O  conftest.c >&5
conftest.c: In function 'main':
conftest.c:53:24: error: expected expression before ')' token
 if (sizeof ((uintmax_t)))
                        ^
configure:13034: $? = 1
configure: failed program was:
| /* confdefs.h */
| #define PACKAGE_NAME "bfd"
| #define PACKAGE_TARNAME "bfd"
| #define PACKAGE_VERSION "2.26"
| #define PACKAGE_STRING "bfd 2.26"
| #define PACKAGE_BUGREPORT ""
| #define PACKAGE_URL ""
| #define PACKAGE "bfd"
| #define VERSION "2.26"
| #define STDC_HEADERS 1
| #define HAVE_SYS_TYPES_H 1
| #define HAVE_SYS_STAT_H 1
| #define HAVE_STDLIB_H 1
| #define HAVE_STRING_H 1
| #define HAVE_MEMORY_H 1
| #define HAVE_STRINGS_H 1
| #define HAVE_INTTYPES_H 1
| #define HAVE_STDINT_H 1
| #define HAVE_UNISTD_H 1
| #define __EXTENSIONS__ 1
| #define _ALL_SOURCE 1
| #define _GNU_SOURCE 1
| #define _POSIX_PTHREAD_SEMANTICS 1
| #define _TANDEM_SOURCE 1
| #define HAVE_DLFCN_H 1
| #define LT_OBJDIR ".libs/"
| #define HAVE_DLFCN_H 1
| #define USE_SECUREPLT 1
| #define SIZEOF_LONG_LONG 8
| #define SIZEOF_VOID_P 8
| #define SIZEOF_LONG 8
| #define HAVE_ALLOCA_H 1
| #define HAVE_STDDEF_H 1
| #define HAVE_STRING_H 1
| #define HAVE_STRINGS_H 1
| #define HAVE_STDLIB_H 1
| #define HAVE_TIME_H 1
| #define HAVE_UNISTD_H 1
| #define HAVE_WCHAR_H 1
| #define HAVE_WCTYPE_H 1
| #define HAVE_FCNTL_H 1
| #define HAVE_SYS_FILE_H 1
| #define HAVE_SYS_TIME_H 1
| #define HAVE_SYS_STAT_H 1
| #define HAVE_SYS_RESOURCE_H 1
| /* end confdefs.h.  */
| #include <sys/types.h>
| #include <stdint.h>
| 
| int
| main ()
| {
| if (sizeof ((uintmax_t)))
| 	    return 0;
|   ;
|   return 0;
| }
configure:13034: result: yes
configure:13043: checking for uintptr_t
configure:13043: gcc -c -fPIC -O  conftest.c >&5
configure:13043: $? = 0
configure:13043: gcc -c -fPIC -O  conftest.c >&5
conftest.c: In function 'main':
conftest.c:53:24: error: expected expression before ')' token
 if (sizeof ((uintptr_t)))
                        ^
configure:13043: $? = 1
configure: failed program was:
| /* confdefs.h */
| #define PACKAGE_NAME "bfd"
| #define PACKAGE_TARNAME "bfd"
| #define PACKAGE_VERSION "2.26"
| #define PACKAGE_STRING "bfd 2.26"
| #define PACKAGE_BUGREPORT ""
| #define PACKAGE_URL ""
| #define PACKAGE "bfd"
| #define VERSION "2.26"
| #define STDC_HEADERS 1
| #define HAVE_SYS_TYPES_H 1
| #define HAVE_SYS_STAT_H 1
| #define HAVE_STDLIB_H 1
| #define HAVE_STRING_H 1
| #define HAVE_MEMORY_H 1
| #define HAVE_STRINGS_H 1
| #define HAVE_INTTYPES_H 1
| #define HAVE_STDINT_H 1
| #define HAVE_UNISTD_H 1
| #define __EXTENSIONS__ 1
| #define _ALL_SOURCE 1
| #define _GNU_SOURCE 1
| #define _POSIX_PTHREAD_SEMANTICS 1
| #define _TANDEM_SOURCE 1
| #define HAVE_DLFCN_H 1
| #define LT_OBJDIR ".libs/"
| #define HAVE_DLFCN_H 1
| #define USE_SECUREPLT 1
| #define SIZEOF_LONG_LONG 8
| #define SIZEOF_VOID_P 8
| #define SIZEOF_LONG 8
| #define HAVE_ALLOCA_H 1
| #define HAVE_STDDEF_H 1
| #define HAVE_STRING_H 1
| #define HAVE_STRINGS_H 1
| #define HAVE_STDLIB_H 1
| #define HAVE_TIME_H 1
| #define HAVE_UNISTD_H 1
| #define HAVE_WCHAR_H 1
| #define HAVE_WCTYPE_H 1
| #define HAVE_FCNTL_H 1
| #define HAVE_SYS_FILE_H 1
| #define HAVE_SYS_TIME_H 1
| #define HAVE_SYS_STAT_H 1
| #define HAVE_SYS_RESOURCE_H 1
| /* end confdefs.h.  */
| #include <sys/types.h>
| #include <stdint.h>
| 
| int
| main ()
| {
| if (sizeof ((uintptr_t)))
| 	    return 0;
|   ;
|   return 0;
| }
configure:13043: result: yes
configure:13052: checking for int_least32_t
configure:13052: gcc -c -fPIC -O  conftest.c >&5
configure:13052: $? = 0
configure:13052: gcc -c -fPIC -O  conftest.c >&5
conftest.c: In function 'main':
conftest.c:53:28: error: expected expression before ')' token
 if (sizeof ((int_least32_t)))
                            ^
configure:13052: $? = 1
configure: failed program was:
| /* confdefs.h */
| #define PACKAGE_NAME "bfd"
| #define PACKAGE_TARNAME "bfd"
| #define PACKAGE_VERSION "2.26"
| #define PACKAGE_STRING "bfd 2.26"
| #define PACKAGE_BUGREPORT ""
| #define PACKAGE_URL ""
| #define PACKAGE "bfd"
| #define VERSION "2.26"
| #define STDC_HEADERS 1
| #define HAVE_SYS_TYPES_H 1
| #define HAVE_SYS_STAT_H 1
| #define HAVE_STDLIB_H 1
| #define HAVE_STRING_H 1
| #define HAVE_MEMORY_H 1
| #define HAVE_STRINGS_H 1
| #define HAVE_INTTYPES_H 1
| #define HAVE_STDINT_H 1
| #define HAVE_UNISTD_H 1
| #define __EXTENSIONS__ 1
| #define _ALL_SOURCE 1
| #define _GNU_SOURCE 1
| #define _POSIX_PTHREAD_SEMANTICS 1
| #define _TANDEM_SOURCE 1
| #define HAVE_DLFCN_H 1
| #define LT_OBJDIR ".libs/"
| #define HAVE_DLFCN_H 1
| #define USE_SECUREPLT 1
| #define SIZEOF_LONG_LONG 8
| #define SIZEOF_VOID_P 8
| #define SIZEOF_LONG 8
| #define HAVE_ALLOCA_H 1
| #define HAVE_STDDEF_H 1
| #define HAVE_STRING_H 1
| #define HAVE_STRINGS_H 1
| #define HAVE_STDLIB_H 1
| #define HAVE_TIME_H 1
| #define HAVE_UNISTD_H 1
| #define HAVE_WCHAR_H 1
| #define HAVE_WCTYPE_H 1
| #define HAVE_FCNTL_H 1
| #define HAVE_SYS_FILE_H 1
| #define HAVE_SYS_TIME_H 1
| #define HAVE_SYS_STAT_H 1
| #define HAVE_SYS_RESOURCE_H 1
| /* end confdefs.h.  */
| #include <sys/types.h>
| #include <stdint.h>
| 
| int
| main ()
| {
| if (sizeof ((int_least32_t)))
| 	    return 0;
|   ;
|   return 0;
| }
configure:13052: result: yes
configure:13061: checking for int_fast32_t
configure:13061: gcc -c -fPIC -O  conftest.c >&5
configure:13061: $? = 0
configure:13061: gcc -c -fPIC -O  conftest.c >&5
conftest.c: In function 'main':
conftest.c:53:27: error: expected expression before ')' token
 if (sizeof ((int_fast32_t)))
                           ^
configure:13061: $? = 1
configure: failed program was:
| /* confdefs.h */
| #define PACKAGE_NAME "bfd"
| #define PACKAGE_TARNAME "bfd"
| #define PACKAGE_VERSION "2.26"
| #define PACKAGE_STRING "bfd 2.26"
| #define PACKAGE_BUGREPORT ""
| #define PACKAGE_URL ""
| #define PACKAGE "bfd"
| #define VERSION "2.26"
| #define STDC_HEADERS 1
| #define HAVE_SYS_TYPES_H 1
| #define HAVE_SYS_STAT_H 1
| #define HAVE_STDLIB_H 1
| #define HAVE_STRING_H 1
| #define HAVE_MEMORY_H 1
| #define HAVE_STRINGS_H 1
| #define HAVE_INTTYPES_H 1
| #define HAVE_STDINT_H 1
| #define HAVE_UNISTD_H 1
| #define __EXTENSIONS__ 1
| #define _ALL_SOURCE 1
| #define _GNU_SOURCE 1
| #define _POSIX_PTHREAD_SEMANTICS 1
| #define _TANDEM_SOURCE 1
| #define HAVE_DLFCN_H 1
| #define LT_OBJDIR ".libs/"
| #define HAVE_DLFCN_H 1
| #define USE_SECUREPLT 1
| #define SIZEOF_LONG_LONG 8
| #define SIZEOF_VOID_P 8
| #define SIZEOF_LONG 8
| #define HAVE_ALLOCA_H 1
| #define HAVE_STDDEF_H 1
| #define HAVE_STRING_H 1
| #define HAVE_STRINGS_H 1
| #define HAVE_STDLIB_H 1
| #define HAVE_TIME_H 1
| #define HAVE_UNISTD_H 1
| #define HAVE_WCHAR_H 1
| #define HAVE_WCTYPE_H 1
| #define HAVE_FCNTL_H 1
| #define HAVE_SYS_FILE_H 1
| #define HAVE_SYS_TIME_H 1
| #define HAVE_SYS_STAT_H 1
| #define HAVE_SYS_RESOURCE_H 1
| /* end confdefs.h.  */
| #include <sys/types.h>
| #include <stdint.h>
| 
| int
| main ()
| {
| if (sizeof ((int_fast32_t)))
| 	    return 0;
|   ;
|   return 0;
| }
configure:13061: result: yes
configure:13070: checking for uint64_t
configure:13070: gcc -c -fPIC -O  conftest.c >&5
configure:13070: $? = 0
configure:13070: gcc -c -fPIC -O  conftest.c >&5
conftest.c: In function 'main':
conftest.c:53:23: error: expected expression before ')' token
 if (sizeof ((uint64_t)))
                       ^
configure:13070: $? = 1
configure: failed program was:
| /* confdefs.h */
| #define PACKAGE_NAME "bfd"
| #define PACKAGE_TARNAME "bfd"
| #define PACKAGE_VERSION "2.26"
| #define PACKAGE_STRING "bfd 2.26"
| #define PACKAGE_BUGREPORT ""
| #define PACKAGE_URL ""
| #define PACKAGE "bfd"
| #define VERSION "2.26"
| #define STDC_HEADERS 1
| #define HAVE_SYS_TYPES_H 1
| #define HAVE_SYS_STAT_H 1
| #define HAVE_STDLIB_H 1
| #define HAVE_STRING_H 1
| #define HAVE_MEMORY_H 1
| #define HAVE_STRINGS_H 1
| #define HAVE_INTTYPES_H 1
| #define HAVE_STDINT_H 1
| #define HAVE_UNISTD_H 1
| #define __EXTENSIONS__ 1
| #define _ALL_SOURCE 1
| #define _GNU_SOURCE 1
| #define _POSIX_PTHREAD_SEMANTICS 1
| #define _TANDEM_SOURCE 1
| #define HAVE_DLFCN_H 1
| #define LT_OBJDIR ".libs/"
| #define HAVE_DLFCN_H 1
| #define USE_SECUREPLT 1
| #define SIZEOF_LONG_LONG 8
| #define SIZEOF_VOID_P 8
| #define SIZEOF_LONG 8
| #define HAVE_ALLOCA_H 1
| #define HAVE_STDDEF_H 1
| #define HAVE_STRING_H 1
| #define HAVE_STRINGS_H 1
| #define HAVE_STDLIB_H 1
| #define HAVE_TIME_H 1
| #define HAVE_UNISTD_H 1
| #define HAVE_WCHAR_H 1
| #define HAVE_WCTYPE_H 1
| #define HAVE_FCNTL_H 1
| #define HAVE_SYS_FILE_H 1
| #define HAVE_SYS_TIME_H 1
| #define HAVE_SYS_STAT_H 1
| #define HAVE_SYS_RESOURCE_H 1
| /* end confdefs.h.  */
| #include <sys/types.h>
| #include <stdint.h>
| 
| int
| main ()
| {
| if (sizeof ((uint64_t)))
| 	    return 0;
|   ;
|   return 0;
| }
configure:13070: result: yes
configure:13151: checking what to include in bfd_stdint.h
configure:13179: result: stdint.h (already complete)
configure:13427: checking whether time.h and sys/time.h may both be included
configure:13447: gcc -c -fPIC -O  conftest.c >&5
configure:13447: $? = 0
configure:13454: result: yes
configure:13465: checking for dirent.h that defines DIR
configure:13484: gcc -c -fPIC -O  conftest.c >&5
configure:13484: $? = 0
configure:13492: result: yes
configure:13506: checking for library containing opendir
configure:13537: gcc -o conftest -fPIC -O  -static-libstdc++ -static-libgcc -Wl,-no_pie  conftest.c  >&5
configure:13537: $? = 0
configure:13554: result: none required
configure:13622: checking whether string.h and strings.h may both be included
configure:13639: gcc -c -fPIC -O  conftest.c >&5
configure:13639: $? = 0
configure:13646: result: yes
configure:13657: checking for fcntl
configure:13657: gcc -o conftest -fPIC -O  -static-libstdc++ -static-libgcc -Wl,-no_pie  conftest.c  >&5
configure:13657: $? = 0
configure:13657: result: yes
configure:13657: checking for getpagesize
configure:13657: gcc -o conftest -fPIC -O  -static-libstdc++ -static-libgcc -Wl,-no_pie  conftest.c  >&5
configure:13657: $? = 0
configure:13657: result: yes
configure:13657: checking for setitimer
configure:13657: gcc -o conftest -fPIC -O  -static-libstdc++ -static-libgcc -Wl,-no_pie  conftest.c  >&5
configure:13657: $? = 0
configure:13657: result: yes
configure:13657: checking for sysconf
configure:13657: gcc -o conftest -fPIC -O  -static-libstdc++ -static-libgcc -Wl,-no_pie  conftest.c  >&5
configure:13657: $? = 0
configure:13657: result: yes
configure:13657: checking for fdopen
configure:13657: gcc -o conftest -fPIC -O  -static-libstdc++ -static-libgcc -Wl,-no_pie  conftest.c  >&5
configure:13657: $? = 0
configure:13657: result: yes
configure:13657: checking for getuid
configure:13657: gcc -o conftest -fPIC -O  -static-libstdc++ -static-libgcc -Wl,-no_pie  conftest.c  >&5
configure:13657: $? = 0
configure:13657: result: yes
configure:13657: checking for getgid
configure:13657: gcc -o conftest -fPIC -O  -static-libstdc++ -static-libgcc -Wl,-no_pie  conftest.c  >&5
configure:13657: $? = 0
configure:13657: result: yes
configure:13657: checking for fileno
configure:13657: gcc -o conftest -fPIC -O  -static-libstdc++ -static-libgcc -Wl,-no_pie  conftest.c  >&5
configure:13657: $? = 0
configure:13657: result: yes
configure:13670: checking for strtoull
configure:13670: gcc -o conftest -fPIC -O  -static-libstdc++ -static-libgcc -Wl,-no_pie  conftest.c  >&5
configure:13670: $? = 0
configure:13670: result: yes
configure:13670: checking for getrlimit
configure:13670: gcc -o conftest -fPIC -O  -static-libstdc++ -static-libgcc -Wl,-no_pie  conftest.c  >&5
configure:13670: $? = 0
configure:13670: result: yes
configure:13681: checking whether basename is declared
configure:13681: gcc -c -fPIC -O  conftest.c >&5
conftest.c: In function 'main':
conftest.c:100:10: error: 'basename' undeclared (first use in this function)
   (void) basename;
          ^
conftest.c:100:10: note: each undeclared identifier is reported only once for each function it appears in
configure:13681: $? = 1
configure: failed program was:
| /* confdefs.h */
| #define PACKAGE_NAME "bfd"
| #define PACKAGE_TARNAME "bfd"
| #define PACKAGE_VERSION "2.26"
| #define PACKAGE_STRING "bfd 2.26"
| #define PACKAGE_BUGREPORT ""
| #define PACKAGE_URL ""
| #define PACKAGE "bfd"
| #define VERSION "2.26"
| #define STDC_HEADERS 1
| #define HAVE_SYS_TYPES_H 1
| #define HAVE_SYS_STAT_H 1
| #define HAVE_STDLIB_H 1
| #define HAVE_STRING_H 1
| #define HAVE_MEMORY_H 1
| #define HAVE_STRINGS_H 1
| #define HAVE_INTTYPES_H 1
| #define HAVE_STDINT_H 1
| #define HAVE_UNISTD_H 1
| #define __EXTENSIONS__ 1
| #define _ALL_SOURCE 1
| #define _GNU_SOURCE 1
| #define _POSIX_PTHREAD_SEMANTICS 1
| #define _TANDEM_SOURCE 1
| #define HAVE_DLFCN_H 1
| #define LT_OBJDIR ".libs/"
| #define HAVE_DLFCN_H 1
| #define USE_SECUREPLT 1
| #define SIZEOF_LONG_LONG 8
| #define SIZEOF_VOID_P 8
| #define SIZEOF_LONG 8
| #define HAVE_ALLOCA_H 1
| #define HAVE_STDDEF_H 1
| #define HAVE_STRING_H 1
| #define HAVE_STRINGS_H 1
| #define HAVE_STDLIB_H 1
| #define HAVE_TIME_H 1
| #define HAVE_UNISTD_H 1
| #define HAVE_WCHAR_H 1
| #define HAVE_WCTYPE_H 1
| #define HAVE_FCNTL_H 1
| #define HAVE_SYS_FILE_H 1
| #define HAVE_SYS_TIME_H 1
| #define HAVE_SYS_STAT_H 1
| #define HAVE_SYS_RESOURCE_H 1
| #define TIME_WITH_SYS_TIME 1
| #define HAVE_DIRENT_H 1
| #define STRING_WITH_STRINGS 1
| #define HAVE_FCNTL 1
| #define HAVE_GETPAGESIZE 1
| #define HAVE_SETITIMER 1
| #define HAVE_SYSCONF 1
| #define HAVE_FDOPEN 1
| #define HAVE_GETUID 1
| #define HAVE_GETGID 1
| #define HAVE_FILENO 1
| #define HAVE_STRTOULL 1
| #define HAVE_GETRLIMIT 1
| /* end confdefs.h.  */
| #include <stdio.h>
| #ifdef HAVE_SYS_TYPES_H
| # include <sys/types.h>
| #endif
| #ifdef HAVE_SYS_STAT_H
| # include <sys/stat.h>
| #endif
| #ifdef STDC_HEADERS
| # include <stdlib.h>
| # include <stddef.h>
| #else
| # ifdef HAVE_STDLIB_H
| #  include <stdlib.h>
| # endif
| #endif
| #ifdef HAVE_STRING_H
| # if !defined STDC_HEADERS && defined HAVE_MEMORY_H
| #  include <memory.h>
| # endif
| # include <string.h>
| #endif
| #ifdef HAVE_STRINGS_H
| # include <strings.h>
| #endif
| #ifdef HAVE_INTTYPES_H
| # include <inttypes.h>
| #endif
| #ifdef HAVE_STDINT_H
| # include <stdint.h>
| #endif
| #ifdef HAVE_UNISTD_H
| # include <unistd.h>
| #endif
| int
| main ()
| {
| #ifndef basename
| #ifdef __cplusplus
|   (void) basename;
| #else
|   (void) basename;
| #endif
| #endif
| 
|   ;
|   return 0;
| }
configure:13681: result: no
configure:13692: checking whether ftello is declared
configure:13692: gcc -c -fPIC -O  conftest.c >&5
configure:13692: $? = 0
configure:13692: result: yes
configure:13703: checking whether ftello64 is declared
configure:13703: gcc -c -fPIC -O  conftest.c >&5
conftest.c: In function 'main':
conftest.c:102:10: error: 'ftello64' undeclared (first use in this function)
   (void) ftello64;
          ^
conftest.c:102:10: note: each undeclared identifier is reported only once for each function it appears in
configure:13703: $? = 1
configure: failed program was:
| /* confdefs.h */
| #define PACKAGE_NAME "bfd"
| #define PACKAGE_TARNAME "bfd"
| #define PACKAGE_VERSION "2.26"
| #define PACKAGE_STRING "bfd 2.26"
| #define PACKAGE_BUGREPORT ""
| #define PACKAGE_URL ""
| #define PACKAGE "bfd"
| #define VERSION "2.26"
| #define STDC_HEADERS 1
| #define HAVE_SYS_TYPES_H 1
| #define HAVE_SYS_STAT_H 1
| #define HAVE_STDLIB_H 1
| #define HAVE_STRING_H 1
| #define HAVE_MEMORY_H 1
| #define HAVE_STRINGS_H 1
| #define HAVE_INTTYPES_H 1
| #define HAVE_STDINT_H 1
| #define HAVE_UNISTD_H 1
| #define __EXTENSIONS__ 1
| #define _ALL_SOURCE 1
| #define _GNU_SOURCE 1
| #define _POSIX_PTHREAD_SEMANTICS 1
| #define _TANDEM_SOURCE 1
| #define HAVE_DLFCN_H 1
| #define LT_OBJDIR ".libs/"
| #define HAVE_DLFCN_H 1
| #define USE_SECUREPLT 1
| #define SIZEOF_LONG_LONG 8
| #define SIZEOF_VOID_P 8
| #define SIZEOF_LONG 8
| #define HAVE_ALLOCA_H 1
| #define HAVE_STDDEF_H 1
| #define HAVE_STRING_H 1
| #define HAVE_STRINGS_H 1
| #define HAVE_STDLIB_H 1
| #define HAVE_TIME_H 1
| #define HAVE_UNISTD_H 1
| #define HAVE_WCHAR_H 1
| #define HAVE_WCTYPE_H 1
| #define HAVE_FCNTL_H 1
| #define HAVE_SYS_FILE_H 1
| #define HAVE_SYS_TIME_H 1
| #define HAVE_SYS_STAT_H 1
| #define HAVE_SYS_RESOURCE_H 1
| #define TIME_WITH_SYS_TIME 1
| #define HAVE_DIRENT_H 1
| #define STRING_WITH_STRINGS 1
| #define HAVE_FCNTL 1
| #define HAVE_GETPAGESIZE 1
| #define HAVE_SETITIMER 1
| #define HAVE_SYSCONF 1
| #define HAVE_FDOPEN 1
| #define HAVE_GETUID 1
| #define HAVE_GETGID 1
| #define HAVE_FILENO 1
| #define HAVE_STRTOULL 1
| #define HAVE_GETRLIMIT 1
| #define HAVE_DECL_BASENAME 0
| #define HAVE_DECL_FTELLO 1
| /* end confdefs.h.  */
| #include <stdio.h>
| #ifdef HAVE_SYS_TYPES_H
| # include <sys/types.h>
| #endif
| #ifdef HAVE_SYS_STAT_H
| # include <sys/stat.h>
| #endif
| #ifdef STDC_HEADERS
| # include <stdlib.h>
| # include <stddef.h>
| #else
| # ifdef HAVE_STDLIB_H
| #  include <stdlib.h>
| # endif
| #endif
| #ifdef HAVE_STRING_H
| # if !defined STDC_HEADERS && defined HAVE_MEMORY_H
| #  include <memory.h>
| # endif
| # include <string.h>
| #endif
| #ifdef HAVE_STRINGS_H
| # include <strings.h>
| #endif
| #ifdef HAVE_INTTYPES_H
| # include <inttypes.h>
| #endif
| #ifdef HAVE_STDINT_H
| # include <stdint.h>
| #endif
| #ifdef HAVE_UNISTD_H
| # include <unistd.h>
| #endif
| int
| main ()
| {
| #ifndef ftello64
| #ifdef __cplusplus
|   (void) ftello64;
| #else
|   (void) ftello64;
| #endif
| #endif
| 
|   ;
|   return 0;
| }
configure:13703: result: no
configure:13714: checking whether fseeko is declared
configure:13714: gcc -c -fPIC -O  conftest.c >&5
configure:13714: $? = 0
configure:13714: result: yes
configure:13725: checking whether fseeko64 is declared
configure:13725: gcc -c -fPIC -O  conftest.c >&5
conftest.c: In function 'main':
conftest.c:104:10: error: 'fseeko64' undeclared (first use in this function)
   (void) fseeko64;
          ^
conftest.c:104:10: note: each undeclared identifier is reported only once for each function it appears in
configure:13725: $? = 1
configure: failed program was:
| /* confdefs.h */
| #define PACKAGE_NAME "bfd"
| #define PACKAGE_TARNAME "bfd"
| #define PACKAGE_VERSION "2.26"
| #define PACKAGE_STRING "bfd 2.26"
| #define PACKAGE_BUGREPORT ""
| #define PACKAGE_URL ""
| #define PACKAGE "bfd"
| #define VERSION "2.26"
| #define STDC_HEADERS 1
| #define HAVE_SYS_TYPES_H 1
| #define HAVE_SYS_STAT_H 1
| #define HAVE_STDLIB_H 1
| #define HAVE_STRING_H 1
| #define HAVE_MEMORY_H 1
| #define HAVE_STRINGS_H 1
| #define HAVE_INTTYPES_H 1
| #define HAVE_STDINT_H 1
| #define HAVE_UNISTD_H 1
| #define __EXTENSIONS__ 1
| #define _ALL_SOURCE 1
| #define _GNU_SOURCE 1
| #define _POSIX_PTHREAD_SEMANTICS 1
| #define _TANDEM_SOURCE 1
| #define HAVE_DLFCN_H 1
| #define LT_OBJDIR ".libs/"
| #define HAVE_DLFCN_H 1
| #define USE_SECUREPLT 1
| #define SIZEOF_LONG_LONG 8
| #define SIZEOF_VOID_P 8
| #define SIZEOF_LONG 8
| #define HAVE_ALLOCA_H 1
| #define HAVE_STDDEF_H 1
| #define HAVE_STRING_H 1
| #define HAVE_STRINGS_H 1
| #define HAVE_STDLIB_H 1
| #define HAVE_TIME_H 1
| #define HAVE_UNISTD_H 1
| #define HAVE_WCHAR_H 1
| #define HAVE_WCTYPE_H 1
| #define HAVE_FCNTL_H 1
| #define HAVE_SYS_FILE_H 1
| #define HAVE_SYS_TIME_H 1
| #define HAVE_SYS_STAT_H 1
| #define HAVE_SYS_RESOURCE_H 1
| #define TIME_WITH_SYS_TIME 1
| #define HAVE_DIRENT_H 1
| #define STRING_WITH_STRINGS 1
| #define HAVE_FCNTL 1
| #define HAVE_GETPAGESIZE 1
| #define HAVE_SETITIMER 1
| #define HAVE_SYSCONF 1
| #define HAVE_FDOPEN 1
| #define HAVE_GETUID 1
| #define HAVE_GETGID 1
| #define HAVE_FILENO 1
| #define HAVE_STRTOULL 1
| #define HAVE_GETRLIMIT 1
| #define HAVE_DECL_BASENAME 0
| #define HAVE_DECL_FTELLO 1
| #define HAVE_DECL_FTELLO64 0
| #define HAVE_DECL_FSEEKO 1
| /* end confdefs.h.  */
| #include <stdio.h>
| #ifdef HAVE_SYS_TYPES_H
| # include <sys/types.h>
| #endif
| #ifdef HAVE_SYS_STAT_H
| # include <sys/stat.h>
| #endif
| #ifdef STDC_HEADERS
| # include <stdlib.h>
| # include <stddef.h>
| #else
| # ifdef HAVE_STDLIB_H
| #  include <stdlib.h>
| # endif
| #endif
| #ifdef HAVE_STRING_H
| # if !defined STDC_HEADERS && defined HAVE_MEMORY_H
| #  include <memory.h>
| # endif
| # include <string.h>
| #endif
| #ifdef HAVE_STRINGS_H
| # include <strings.h>
| #endif
| #ifdef HAVE_INTTYPES_H
| # include <inttypes.h>
| #endif
| #ifdef HAVE_STDINT_H
| # include <stdint.h>
| #endif
| #ifdef HAVE_UNISTD_H
| # include <unistd.h>
| #endif
| int
| main ()
| {
| #ifndef fseeko64
| #ifdef __cplusplus
|   (void) fseeko64;
| #else
|   (void) fseeko64;
| #endif
| #endif
| 
|   ;
|   return 0;
| }
configure:13725: result: no
configure:13745: checking whether ffs is declared
configure:13745: gcc -c -fPIC -O  conftest.c >&5
configure:13745: $? = 0
configure:13745: result: yes
configure:13756: checking whether free is declared
configure:13756: gcc -c -fPIC -O  conftest.c >&5
configure:13756: $? = 0
configure:13756: result: yes
configure:13767: checking whether getenv is declared
configure:13767: gcc -c -fPIC -O  conftest.c >&5
configure:13767: $? = 0
configure:13767: result: yes
configure:13778: checking whether malloc is declared
configure:13778: gcc -c -fPIC -O  conftest.c >&5
configure:13778: $? = 0
configure:13778: result: yes
configure:13789: checking whether realloc is declared
configure:13789: gcc -c -fPIC -O  conftest.c >&5
configure:13789: $? = 0
configure:13789: result: yes
configure:13800: checking whether stpcpy is declared
configure:13800: gcc -c -fPIC -O  conftest.c >&5
configure:13800: $? = 0
configure:13800: result: yes
configure:13811: checking whether strstr is declared
configure:13811: gcc -c -fPIC -O  conftest.c >&5
configure:13811: $? = 0
configure:13811: result: yes
configure:13822: checking whether asprintf is declared
configure:13822: gcc -c -fPIC -O  conftest.c >&5
configure:13822: $? = 0
configure:13822: result: yes
configure:13833: checking whether vasprintf is declared
configure:13833: gcc -c -fPIC -O  conftest.c >&5
configure:13833: $? = 0
configure:13833: result: yes
configure:13844: checking whether snprintf is declared
configure:13844: gcc -c -fPIC -O  conftest.c >&5
configure:13844: $? = 0
configure:13844: result: yes
configure:13855: checking whether vsnprintf is declared
configure:13855: gcc -c -fPIC -O  conftest.c >&5
configure:13855: $? = 0
configure:13855: result: yes
configure:13866: checking whether strnlen is declared
configure:13866: gcc -c -fPIC -O  conftest.c >&5
configure:13866: $? = 0
configure:13866: result: yes
configure:14159: checking sys/procfs.h usability
configure:14159: gcc -c -fPIC -O  conftest.c >&5
conftest.c:110:24: fatal error: sys/procfs.h: No such file or directory
 #include <sys/procfs.h>
                        ^
compilation terminated.
configure:14159: $? = 1
configure: failed program was:
| /* confdefs.h */
| #define PACKAGE_NAME "bfd"
| #define PACKAGE_TARNAME "bfd"
| #define PACKAGE_VERSION "2.26"
| #define PACKAGE_STRING "bfd 2.26"
| #define PACKAGE_BUGREPORT ""
| #define PACKAGE_URL ""
| #define PACKAGE "bfd"
| #define VERSION "2.26"
| #define STDC_HEADERS 1
| #define HAVE_SYS_TYPES_H 1
| #define HAVE_SYS_STAT_H 1
| #define HAVE_STDLIB_H 1
| #define HAVE_STRING_H 1
| #define HAVE_MEMORY_H 1
| #define HAVE_STRINGS_H 1
| #define HAVE_INTTYPES_H 1
| #define HAVE_STDINT_H 1
| #define HAVE_UNISTD_H 1
| #define __EXTENSIONS__ 1
| #define _ALL_SOURCE 1
| #define _GNU_SOURCE 1
| #define _POSIX_PTHREAD_SEMANTICS 1
| #define _TANDEM_SOURCE 1
| #define HAVE_DLFCN_H 1
| #define LT_OBJDIR ".libs/"
| #define HAVE_DLFCN_H 1
| #define USE_SECUREPLT 1
| #define SIZEOF_LONG_LONG 8
| #define SIZEOF_VOID_P 8
| #define SIZEOF_LONG 8
| #define HAVE_ALLOCA_H 1
| #define HAVE_STDDEF_H 1
| #define HAVE_STRING_H 1
| #define HAVE_STRINGS_H 1
| #define HAVE_STDLIB_H 1
| #define HAVE_TIME_H 1
| #define HAVE_UNISTD_H 1
| #define HAVE_WCHAR_H 1
| #define HAVE_WCTYPE_H 1
| #define HAVE_FCNTL_H 1
| #define HAVE_SYS_FILE_H 1
| #define HAVE_SYS_TIME_H 1
| #define HAVE_SYS_STAT_H 1
| #define HAVE_SYS_RESOURCE_H 1
| #define TIME_WITH_SYS_TIME 1
| #define HAVE_DIRENT_H 1
| #define STRING_WITH_STRINGS 1
| #define HAVE_FCNTL 1
| #define HAVE_GETPAGESIZE 1
| #define HAVE_SETITIMER 1
| #define HAVE_SYSCONF 1
| #define HAVE_FDOPEN 1
| #define HAVE_GETUID 1
| #define HAVE_GETGID 1
| #define HAVE_FILENO 1
| #define HAVE_STRTOULL 1
| #define HAVE_GETRLIMIT 1
| #define HAVE_DECL_BASENAME 0
| #define HAVE_DECL_FTELLO 1
| #define HAVE_DECL_FTELLO64 0
| #define HAVE_DECL_FSEEKO 1
| #define HAVE_DECL_FSEEKO64 0
| #define HAVE_DECL_FFS 1
| #define HAVE_DECL_FREE 1
| #define HAVE_DECL_GETENV 1
| #define HAVE_DECL_MALLOC 1
| #define HAVE_DECL_REALLOC 1
| #define HAVE_DECL_STPCPY 1
| #define HAVE_DECL_STRSTR 1
| #define HAVE_DECL_ASPRINTF 1
| #define HAVE_DECL_VASPRINTF 1
| #define HAVE_DECL_SNPRINTF 1
| #define HAVE_DECL_VSNPRINTF 1
| #define HAVE_DECL_STRNLEN 1
| /* end confdefs.h.  */
| #include <stdio.h>
| #ifdef HAVE_SYS_TYPES_H
| # include <sys/types.h>
| #endif
| #ifdef HAVE_SYS_STAT_H
| # include <sys/stat.h>
| #endif
| #ifdef STDC_HEADERS
| # include <stdlib.h>
| # include <stddef.h>
| #else
| # ifdef HAVE_STDLIB_H
| #  include <stdlib.h>
| # endif
| #endif
| #ifdef HAVE_STRING_H
| # if !defined STDC_HEADERS && defined HAVE_MEMORY_H
| #  include <memory.h>
| # endif
| # include <string.h>
| #endif
| #ifdef HAVE_STRINGS_H
| # include <strings.h>
| #endif
| #ifdef HAVE_INTTYPES_H
| # include <inttypes.h>
| #endif
| #ifdef HAVE_STDINT_H
| # include <stdint.h>
| #endif
| #ifdef HAVE_UNISTD_H
| # include <unistd.h>
| #endif
| #include <sys/procfs.h>
configure:14159: result: no
configure:14159: checking sys/procfs.h presence
configure:14159: gcc -E  conftest.c
conftest.c:77:24: fatal error: sys/procfs.h: No such file or directory
 #include <sys/procfs.h>
                        ^
compilation terminated.
configure:14159: $? = 1
configure: failed program was:
| /* confdefs.h */
| #define PACKAGE_NAME "bfd"
| #define PACKAGE_TARNAME "bfd"
| #define PACKAGE_VERSION "2.26"
| #define PACKAGE_STRING "bfd 2.26"
| #define PACKAGE_BUGREPORT ""
| #define PACKAGE_URL ""
| #define PACKAGE "bfd"
| #define VERSION "2.26"
| #define STDC_HEADERS 1
| #define HAVE_SYS_TYPES_H 1
| #define HAVE_SYS_STAT_H 1
| #define HAVE_STDLIB_H 1
| #define HAVE_STRING_H 1
| #define HAVE_MEMORY_H 1
| #define HAVE_STRINGS_H 1
| #define HAVE_INTTYPES_H 1
| #define HAVE_STDINT_H 1
| #define HAVE_UNISTD_H 1
| #define __EXTENSIONS__ 1
| #define _ALL_SOURCE 1
| #define _GNU_SOURCE 1
| #define _POSIX_PTHREAD_SEMANTICS 1
| #define _TANDEM_SOURCE 1
| #define HAVE_DLFCN_H 1
| #define LT_OBJDIR ".libs/"
| #define HAVE_DLFCN_H 1
| #define USE_SECUREPLT 1
| #define SIZEOF_LONG_LONG 8
| #define SIZEOF_VOID_P 8
| #define SIZEOF_LONG 8
| #define HAVE_ALLOCA_H 1
| #define HAVE_STDDEF_H 1
| #define HAVE_STRING_H 1
| #define HAVE_STRINGS_H 1
| #define HAVE_STDLIB_H 1
| #define HAVE_TIME_H 1
| #define HAVE_UNISTD_H 1
| #define HAVE_WCHAR_H 1
| #define HAVE_WCTYPE_H 1
| #define HAVE_FCNTL_H 1
| #define HAVE_SYS_FILE_H 1
| #define HAVE_SYS_TIME_H 1
| #define HAVE_SYS_STAT_H 1
| #define HAVE_SYS_RESOURCE_H 1
| #define TIME_WITH_SYS_TIME 1
| #define HAVE_DIRENT_H 1
| #define STRING_WITH_STRINGS 1
| #define HAVE_FCNTL 1
| #define HAVE_GETPAGESIZE 1
| #define HAVE_SETITIMER 1
| #define HAVE_SYSCONF 1
| #define HAVE_FDOPEN 1
| #define HAVE_GETUID 1
| #define HAVE_GETGID 1
| #define HAVE_FILENO 1
| #define HAVE_STRTOULL 1
| #define HAVE_GETRLIMIT 1
| #define HAVE_DECL_BASENAME 0
| #define HAVE_DECL_FTELLO 1
| #define HAVE_DECL_FTELLO64 0
| #define HAVE_DECL_FSEEKO 1
| #define HAVE_DECL_FSEEKO64 0
| #define HAVE_DECL_FFS 1
| #define HAVE_DECL_FREE 1
| #define HAVE_DECL_GETENV 1
| #define HAVE_DECL_MALLOC 1
| #define HAVE_DECL_REALLOC 1
| #define HAVE_DECL_STPCPY 1
| #define HAVE_DECL_STRSTR 1
| #define HAVE_DECL_ASPRINTF 1
| #define HAVE_DECL_VASPRINTF 1
| #define HAVE_DECL_SNPRINTF 1
| #define HAVE_DECL_VSNPRINTF 1
| #define HAVE_DECL_STRNLEN 1
| /* end confdefs.h.  */
| #include <sys/procfs.h>
configure:14159: result: no
configure:14159: checking for sys/procfs.h
configure:14159: result: no
configure:14967: checking linker --as-needed support
configure:14978: result: no
configure:15666: checking for gcc version with buggy 64-bit support
configure:15679: result: no
configure:15718: checking for ftello
configure:15718: gcc -o conftest -fPIC -O  -static-libstdc++ -static-libgcc -Wl,-no_pie  conftest.c  >&5
configure:15718: $? = 0
configure:15718: result: yes
configure:15718: checking for ftello64
configure:15718: gcc -o conftest -fPIC -O  -static-libstdc++ -static-libgcc -Wl,-no_pie  conftest.c  >&5
Undefined symbols for architecture x86_64:
  "_ftello64", referenced from:
      _main in cc0w8lE2.o
ld: symbol(s) not found for architecture x86_64
collect2: error: ld returned 1 exit status
configure:15718: $? = 1
configure: failed program was:
| /* confdefs.h */
| #define PACKAGE_NAME "bfd"
| #define PACKAGE_TARNAME "bfd"
| #define PACKAGE_VERSION "2.26"
| #define PACKAGE_STRING "bfd 2.26"
| #define PACKAGE_BUGREPORT ""
| #define PACKAGE_URL ""
| #define PACKAGE "bfd"
| #define VERSION "2.26"
| #define STDC_HEADERS 1
| #define HAVE_SYS_TYPES_H 1
| #define HAVE_SYS_STAT_H 1
| #define HAVE_STDLIB_H 1
| #define HAVE_STRING_H 1
| #define HAVE_MEMORY_H 1
| #define HAVE_STRINGS_H 1
| #define HAVE_INTTYPES_H 1
| #define HAVE_STDINT_H 1
| #define HAVE_UNISTD_H 1
| #define __EXTENSIONS__ 1
| #define _ALL_SOURCE 1
| #define _GNU_SOURCE 1
| #define _POSIX_PTHREAD_SEMANTICS 1
| #define _TANDEM_SOURCE 1
| #define HAVE_DLFCN_H 1
| #define LT_OBJDIR ".libs/"
| #define HAVE_DLFCN_H 1
| #define USE_SECUREPLT 1
| #define SIZEOF_LONG_LONG 8
| #define SIZEOF_VOID_P 8
| #define SIZEOF_LONG 8
| #define HAVE_ALLOCA_H 1
| #define HAVE_STDDEF_H 1
| #define HAVE_STRING_H 1
| #define HAVE_STRINGS_H 1
| #define HAVE_STDLIB_H 1
| #define HAVE_TIME_H 1
| #define HAVE_UNISTD_H 1
| #define HAVE_WCHAR_H 1
| #define HAVE_WCTYPE_H 1
| #define HAVE_FCNTL_H 1
| #define HAVE_SYS_FILE_H 1
| #define HAVE_SYS_TIME_H 1
| #define HAVE_SYS_STAT_H 1
| #define HAVE_SYS_RESOURCE_H 1
| #define TIME_WITH_SYS_TIME 1
| #define HAVE_DIRENT_H 1
| #define STRING_WITH_STRINGS 1
| #define HAVE_FCNTL 1
| #define HAVE_GETPAGESIZE 1
| #define HAVE_SETITIMER 1
| #define HAVE_SYSCONF 1
| #define HAVE_FDOPEN 1
| #define HAVE_GETUID 1
| #define HAVE_GETGID 1
| #define HAVE_FILENO 1
| #define HAVE_STRTOULL 1
| #define HAVE_GETRLIMIT 1
| #define HAVE_DECL_BASENAME 0
| #define HAVE_DECL_FTELLO 1
| #define HAVE_DECL_FTELLO64 0
| #define HAVE_DECL_FSEEKO 1
| #define HAVE_DECL_FSEEKO64 0
| #define HAVE_DECL_FFS 1
| #define HAVE_DECL_FREE 1
| #define HAVE_DECL_GETENV 1
| #define HAVE_DECL_MALLOC 1
| #define HAVE_DECL_REALLOC 1
| #define HAVE_DECL_STPCPY 1
| #define HAVE_DECL_STRSTR 1
| #define HAVE_DECL_ASPRINTF 1
| #define HAVE_DECL_VASPRINTF 1
| #define HAVE_DECL_SNPRINTF 1
| #define HAVE_DECL_VSNPRINTF 1
| #define HAVE_DECL_STRNLEN 1
| #define HAVE_FTELLO 1
| /* end confdefs.h.  */
| /* Define ftello64 to an innocuous variant, in case <limits.h> declares ftello64.
|    For example, HP-UX 11i <limits.h> declares gettimeofday.  */
| #define ftello64 innocuous_ftello64
| 
| /* System header to define __stub macros and hopefully few prototypes,
|     which can conflict with char ftello64 (); below.
|     Prefer <limits.h> to <assert.h> if __STDC__ is defined, since
|     <limits.h> exists even on freestanding compilers.  */
| 
| #ifdef __STDC__
| # include <limits.h>
| #else
| # include <assert.h>
| #endif
| 
| #undef ftello64
| 
| /* Override any GCC internal prototype to avoid an error.
|    Use char because int might match the return type of a GCC
|    builtin and then its argument prototype would still apply.  */
| #ifdef __cplusplus
| extern "C"
| #endif
| char ftello64 ();
| /* The GNU C library defines this for functions which it implements
|     to always fail with ENOSYS.  Some functions are actually named
|     something starting with __ and the normal name is an alias.  */
| #if defined __stub_ftello64 || defined __stub___ftello64
| choke me
| #endif
| 
| int
| main ()
| {
| return ftello64 ();
|   ;
|   return 0;
| }
configure:15718: result: no
configure:15718: checking for fseeko
configure:15718: gcc -o conftest -fPIC -O  -static-libstdc++ -static-libgcc -Wl,-no_pie  conftest.c  >&5
configure:15718: $? = 0
configure:15718: result: yes
configure:15718: checking for fseeko64
configure:15718: gcc -o conftest -fPIC -O  -static-libstdc++ -static-libgcc -Wl,-no_pie  conftest.c  >&5
Undefined symbols for architecture x86_64:
  "_fseeko64", referenced from:
      _main in cckPjOah.o
ld: symbol(s) not found for architecture x86_64
collect2: error: ld returned 1 exit status
configure:15718: $? = 1
configure: failed program was:
| /* confdefs.h */
| #define PACKAGE_NAME "bfd"
| #define PACKAGE_TARNAME "bfd"
| #define PACKAGE_VERSION "2.26"
| #define PACKAGE_STRING "bfd 2.26"
| #define PACKAGE_BUGREPORT ""
| #define PACKAGE_URL ""
| #define PACKAGE "bfd"
| #define VERSION "2.26"
| #define STDC_HEADERS 1
| #define HAVE_SYS_TYPES_H 1
| #define HAVE_SYS_STAT_H 1
| #define HAVE_STDLIB_H 1
| #define HAVE_STRING_H 1
| #define HAVE_MEMORY_H 1
| #define HAVE_STRINGS_H 1
| #define HAVE_INTTYPES_H 1
| #define HAVE_STDINT_H 1
| #define HAVE_UNISTD_H 1
| #define __EXTENSIONS__ 1
| #define _ALL_SOURCE 1
| #define _GNU_SOURCE 1
| #define _POSIX_PTHREAD_SEMANTICS 1
| #define _TANDEM_SOURCE 1
| #define HAVE_DLFCN_H 1
| #define LT_OBJDIR ".libs/"
| #define HAVE_DLFCN_H 1
| #define USE_SECUREPLT 1
| #define SIZEOF_LONG_LONG 8
| #define SIZEOF_VOID_P 8
| #define SIZEOF_LONG 8
| #define HAVE_ALLOCA_H 1
| #define HAVE_STDDEF_H 1
| #define HAVE_STRING_H 1
| #define HAVE_STRINGS_H 1
| #define HAVE_STDLIB_H 1
| #define HAVE_TIME_H 1
| #define HAVE_UNISTD_H 1
| #define HAVE_WCHAR_H 1
| #define HAVE_WCTYPE_H 1
| #define HAVE_FCNTL_H 1
| #define HAVE_SYS_FILE_H 1
| #define HAVE_SYS_TIME_H 1
| #define HAVE_SYS_STAT_H 1
| #define HAVE_SYS_RESOURCE_H 1
| #define TIME_WITH_SYS_TIME 1
| #define HAVE_DIRENT_H 1
| #define STRING_WITH_STRINGS 1
| #define HAVE_FCNTL 1
| #define HAVE_GETPAGESIZE 1
| #define HAVE_SETITIMER 1
| #define HAVE_SYSCONF 1
| #define HAVE_FDOPEN 1
| #define HAVE_GETUID 1
| #define HAVE_GETGID 1
| #define HAVE_FILENO 1
| #define HAVE_STRTOULL 1
| #define HAVE_GETRLIMIT 1
| #define HAVE_DECL_BASENAME 0
| #define HAVE_DECL_FTELLO 1
| #define HAVE_DECL_FTELLO64 0
| #define HAVE_DECL_FSEEKO 1
| #define HAVE_DECL_FSEEKO64 0
| #define HAVE_DECL_FFS 1
| #define HAVE_DECL_FREE 1
| #define HAVE_DECL_GETENV 1
| #define HAVE_DECL_MALLOC 1
| #define HAVE_DECL_REALLOC 1
| #define HAVE_DECL_STPCPY 1
| #define HAVE_DECL_STRSTR 1
| #define HAVE_DECL_ASPRINTF 1
| #define HAVE_DECL_VASPRINTF 1
| #define HAVE_DECL_SNPRINTF 1
| #define HAVE_DECL_VSNPRINTF 1
| #define HAVE_DECL_STRNLEN 1
| #define HAVE_FTELLO 1
| #define HAVE_FSEEKO 1
| /* end confdefs.h.  */
| /* Define fseeko64 to an innocuous variant, in case <limits.h> declares fseeko64.
|    For example, HP-UX 11i <limits.h> declares gettimeofday.  */
| #define fseeko64 innocuous_fseeko64
| 
| /* System header to define __stub macros and hopefully few prototypes,
|     which can conflict with char fseeko64 (); below.
|     Prefer <limits.h> to <assert.h> if __STDC__ is defined, since
|     <limits.h> exists even on freestanding compilers.  */
| 
| #ifdef __STDC__
| # include <limits.h>
| #else
| # include <assert.h>
| #endif
| 
| #undef fseeko64
| 
| /* Override any GCC internal prototype to avoid an error.
|    Use char because int might match the return type of a GCC
|    builtin and then its argument prototype would still apply.  */
| #ifdef __cplusplus
| extern "C"
| #endif
| char fseeko64 ();
| /* The GNU C library defines this for functions which it implements
|     to always fail with ENOSYS.  Some functions are actually named
|     something starting with __ and the normal name is an alias.  */
| #if defined __stub_fseeko64 || defined __stub___fseeko64
| choke me
| #endif
| 
| int
| main ()
| {
| return fseeko64 ();
|   ;
|   return 0;
| }
configure:15718: result: no
configure:15718: checking for fopen64
configure:15718: gcc -o conftest -fPIC -O  -static-libstdc++ -static-libgcc -Wl,-no_pie  conftest.c  >&5
Undefined symbols for architecture x86_64:
  "_fopen64", referenced from:
      _main in ccjI2oVO.o
ld: symbol(s) not found for architecture x86_64
collect2: error: ld returned 1 exit status
configure:15718: $? = 1
configure: failed program was:
| /* confdefs.h */
| #define PACKAGE_NAME "bfd"
| #define PACKAGE_TARNAME "bfd"
| #define PACKAGE_VERSION "2.26"
| #define PACKAGE_STRING "bfd 2.26"
| #define PACKAGE_BUGREPORT ""
| #define PACKAGE_URL ""
| #define PACKAGE "bfd"
| #define VERSION "2.26"
| #define STDC_HEADERS 1
| #define HAVE_SYS_TYPES_H 1
| #define HAVE_SYS_STAT_H 1
| #define HAVE_STDLIB_H 1
| #define HAVE_STRING_H 1
| #define HAVE_MEMORY_H 1
| #define HAVE_STRINGS_H 1
| #define HAVE_INTTYPES_H 1
| #define HAVE_STDINT_H 1
| #define HAVE_UNISTD_H 1
| #define __EXTENSIONS__ 1
| #define _ALL_SOURCE 1
| #define _GNU_SOURCE 1
| #define _POSIX_PTHREAD_SEMANTICS 1
| #define _TANDEM_SOURCE 1
| #define HAVE_DLFCN_H 1
| #define LT_OBJDIR ".libs/"
| #define HAVE_DLFCN_H 1
| #define USE_SECUREPLT 1
| #define SIZEOF_LONG_LONG 8
| #define SIZEOF_VOID_P 8
| #define SIZEOF_LONG 8
| #define HAVE_ALLOCA_H 1
| #define HAVE_STDDEF_H 1
| #define HAVE_STRING_H 1
| #define HAVE_STRINGS_H 1
| #define HAVE_STDLIB_H 1
| #define HAVE_TIME_H 1
| #define HAVE_UNISTD_H 1
| #define HAVE_WCHAR_H 1
| #define HAVE_WCTYPE_H 1
| #define HAVE_FCNTL_H 1
| #define HAVE_SYS_FILE_H 1
| #define HAVE_SYS_TIME_H 1
| #define HAVE_SYS_STAT_H 1
| #define HAVE_SYS_RESOURCE_H 1
| #define TIME_WITH_SYS_TIME 1
| #define HAVE_DIRENT_H 1
| #define STRING_WITH_STRINGS 1
| #define HAVE_FCNTL 1
| #define HAVE_GETPAGESIZE 1
| #define HAVE_SETITIMER 1
| #define HAVE_SYSCONF 1
| #define HAVE_FDOPEN 1
| #define HAVE_GETUID 1
| #define HAVE_GETGID 1
| #define HAVE_FILENO 1
| #define HAVE_STRTOULL 1
| #define HAVE_GETRLIMIT 1
| #define HAVE_DECL_BASENAME 0
| #define HAVE_DECL_FTELLO 1
| #define HAVE_DECL_FTELLO64 0
| #define HAVE_DECL_FSEEKO 1
| #define HAVE_DECL_FSEEKO64 0
| #define HAVE_DECL_FFS 1
| #define HAVE_DECL_FREE 1
| #define HAVE_DECL_GETENV 1
| #define HAVE_DECL_MALLOC 1
| #define HAVE_DECL_REALLOC 1
| #define HAVE_DECL_STPCPY 1
| #define HAVE_DECL_STRSTR 1
| #define HAVE_DECL_ASPRINTF 1
| #define HAVE_DECL_VASPRINTF 1
| #define HAVE_DECL_SNPRINTF 1
| #define HAVE_DECL_VSNPRINTF 1
| #define HAVE_DECL_STRNLEN 1
| #define HAVE_FTELLO 1
| #define HAVE_FSEEKO 1
| /* end confdefs.h.  */
| /* Define fopen64 to an innocuous variant, in case <limits.h> declares fopen64.
|    For example, HP-UX 11i <limits.h> declares gettimeofday.  */
| #define fopen64 innocuous_fopen64
| 
| /* System header to define __stub macros and hopefully few prototypes,
|     which can conflict with char fopen64 (); below.
|     Prefer <limits.h> to <assert.h> if __STDC__ is defined, since
|     <limits.h> exists even on freestanding compilers.  */
| 
| #ifdef __STDC__
| # include <limits.h>
| #else
| # include <assert.h>
| #endif
| 
| #undef fopen64
| 
| /* Override any GCC internal prototype to avoid an error.
|    Use char because int might match the return type of a GCC
|    builtin and then its argument prototype would still apply.  */
| #ifdef __cplusplus
| extern "C"
| #endif
| char fopen64 ();
| /* The GNU C library defines this for functions which it implements
|     to always fail with ENOSYS.  Some functions are actually named
|     something starting with __ and the normal name is an alias.  */
| #if defined __stub_fopen64 || defined __stub___fopen64
| choke me
| #endif
| 
| int
| main ()
| {
| return fopen64 ();
|   ;
|   return 0;
| }
configure:15718: result: no
configure:15733: checking size of off_t
configure:15738: gcc -o conftest -fPIC -O  -static-libstdc++ -static-libgcc -Wl,-no_pie  conftest.c  >&5
configure:15738: $? = 0
configure:15738: ./conftest
configure:15738: $? = 0
configure:15753: result: 8
configure:15764: checking file_ptr type
configure:15773: result: BFD_HOST_64_BIT
configure:15790: checking for stdlib.h
configure:15790: result: yes
configure:15790: checking for unistd.h
configure:15790: result: yes
configure:15803: checking for getpagesize
configure:15803: result: yes
configure:15812: checking for working mmap
configure:15949: gcc -o conftest -fPIC -O  -static-libstdc++ -static-libgcc -Wl,-no_pie  conftest.c  >&5
configure:15949: $? = 0
configure:15949: ./conftest
configure:15949: $? = 0
configure:15959: result: yes
configure:15971: checking for madvise
configure:15971: gcc -o conftest -fPIC -O  -static-libstdc++ -static-libgcc -Wl,-no_pie  conftest.c  >&5
configure:15971: $? = 0
configure:15971: result: yes
configure:15971: checking for mprotect
configure:15971: gcc -o conftest -fPIC -O  -static-libstdc++ -static-libgcc -Wl,-no_pie  conftest.c  >&5
configure:15971: $? = 0
configure:15971: result: yes
configure:16064: updating cache ./config.cache
configure:16133: creating ./config.status

## ---------------------- ##
## Running config.status. ##
## ---------------------- ##

This file was extended by bfd config.status 2.26, which was
generated by GNU Autoconf 2.64.  Invocation command line was

  CONFIG_FILES    = 
  CONFIG_HEADERS  = 
  CONFIG_LINKS    = 
  CONFIG_COMMANDS = 
  $ ./config.status 

on liuzhengyangs-MacBook-Pro.local

config.status:1222: creating Makefile
config.status:1222: creating doc/Makefile
config.status:1222: creating bfd-in3.h
config.status:1222: creating po/Makefile.in
config.status:1222: creating config.h
config.status:1435: executing depfiles commands
config.status:1435: executing libtool commands
config.status:1435: executing default-1 commands
config.status:1435: executing bfd_stdint.h commands
config.status:1435: executing default commands

## ---------------- ##
## Cache variables. ##
## ---------------- ##

ac_cv_build=x86_64-apple-darwin16.1.0
ac_cv_c_compiler_gnu=yes
ac_cv_env_CC_set=set
ac_cv_env_CC_value=gcc
ac_cv_env_CFLAGS_set=set
ac_cv_env_CFLAGS_value='-fPIC -O'
ac_cv_env_CPPFLAGS_set=
ac_cv_env_CPPFLAGS_value=
ac_cv_env_CPP_set=
ac_cv_env_CPP_value=
ac_cv_env_LDFLAGS_set=set
ac_cv_env_LDFLAGS_value='-static-libstdc++ -static-libgcc -Wl,-no_pie '
ac_cv_env_LIBS_set=
ac_cv_env_LIBS_value=
ac_cv_env_build_alias_set=set
ac_cv_env_build_alias_value=x86_64-apple-darwin16.1.0
ac_cv_env_host_alias_set=set
ac_cv_env_host_alias_value=x86_64-apple-darwin16.1.0
ac_cv_env_target_alias_set=set
ac_cv_env_target_alias_value=x86_64-apple-darwin16.1.0
ac_cv_func_fcntl=yes
ac_cv_func_fdopen=yes
ac_cv_func_fileno=yes
ac_cv_func_fopen64=no
ac_cv_func_fseeko64=no
ac_cv_func_fseeko=yes
ac_cv_func_ftello64=no
ac_cv_func_ftello=yes
ac_cv_func_getgid=yes
ac_cv_func_getpagesize=yes
ac_cv_func_getrlimit=yes
ac_cv_func_getuid=yes
ac_cv_func_madvise=yes
ac_cv_func_mmap_fixed_mapped=yes
ac_cv_func_mprotect=yes
ac_cv_func_setitimer=yes
ac_cv_func_strtoull=yes
ac_cv_func_sysconf=yes
ac_cv_have_decl_asprintf=yes
ac_cv_have_decl_basename=no
ac_cv_have_decl_ffs=yes
ac_cv_have_decl_free=yes
ac_cv_have_decl_fseeko64=no
ac_cv_have_decl_fseeko=yes
ac_cv_have_decl_ftello64=no
ac_cv_have_decl_ftello=yes
ac_cv_have_decl_getenv=yes
ac_cv_have_decl_malloc=yes
ac_cv_have_decl_realloc=yes
ac_cv_have_decl_snprintf=yes
ac_cv_have_decl_stpcpy=yes
ac_cv_have_decl_strnlen=yes
ac_cv_have_decl_strstr=yes
ac_cv_have_decl_vasprintf=yes
ac_cv_have_decl_vsnprintf=yes
ac_cv_header_alloca_h=yes
ac_cv_header_dirent_dirent_h=yes
ac_cv_header_dlfcn_h=yes
ac_cv_header_fcntl_h=yes
ac_cv_header_inttypes_h=yes
ac_cv_header_memory_h=yes
ac_cv_header_minix_config_h=no
ac_cv_header_stdc=yes
ac_cv_header_stddef_h=yes
ac_cv_header_stdint_h=yes
ac_cv_header_stdlib_h=yes
ac_cv_header_string_h=yes
ac_cv_header_strings_h=yes
ac_cv_header_sys_file_h=yes
ac_cv_header_sys_procfs_h=no
ac_cv_header_sys_resource_h=yes
ac_cv_header_sys_stat_h=yes
ac_cv_header_sys_time_h=yes
ac_cv_header_sys_types_h=yes
ac_cv_header_time=yes
ac_cv_header_time_h=yes
ac_cv_header_unistd_h=yes
ac_cv_header_wchar_h=yes
ac_cv_header_wctype_h=yes
ac_cv_header_windows_h=no
ac_cv_host=x86_64-apple-darwin16.1.0
ac_cv_lib_dl_dlopen=yes
ac_cv_objext=o
ac_cv_path_EGREP='/usr/local/bin/ggrep -E'
ac_cv_path_FGREP='/usr/local/bin/ggrep -F'
ac_cv_path_GMSGFMT=:
ac_cv_path_GREP=/usr/local/bin/ggrep
ac_cv_path_MSGFMT=:
ac_cv_path_MSGMERGE=:
ac_cv_path_SED=/usr/bin/sed
ac_cv_path_XGETTEXT=:
ac_cv_path_install='/usr/bin/install -c'
ac_cv_prog_AR=ar
ac_cv_prog_AWK=awk
ac_cv_prog_CC=gcc
ac_cv_prog_CPP='gcc -E'
ac_cv_prog_OBJDUMP=objdump
ac_cv_prog_RANLIB=ranlib
ac_cv_prog_ac_ct_DSYMUTIL=dsymutil
ac_cv_prog_ac_ct_LIPO=lipo
ac_cv_prog_ac_ct_NMEDIT=nmedit
ac_cv_prog_ac_ct_OTOOL=otool
ac_cv_prog_ac_ct_STRIP=strip
ac_cv_prog_cc_c89=
ac_cv_prog_cc_g=yes
ac_cv_prog_make_make_set=yes
ac_cv_safe_to_define___extensions__=yes
ac_cv_search_dlopen='none required'
ac_cv_search_opendir='none required'
ac_cv_search_strerror='none required'
ac_cv_sizeof_long=8
ac_cv_sizeof_long_long=8
ac_cv_sizeof_off_t=8
ac_cv_sizeof_void_p=8
ac_cv_sys_file_offset_bits=no
ac_cv_sys_largefile_CC=no
ac_cv_target=x86_64-apple-darwin16.1.0
ac_cv_type_int_fast32_t=yes
ac_cv_type_int_least32_t=yes
ac_cv_type_u_int64_t=no
ac_cv_type_uint64_t=yes
ac_cv_type_uintmax_t=yes
ac_cv_type_uintptr_t=yes
acx_cv_header_stdint=stdint.h
acx_cv_header_stdint_kind='(already complete)'
am_cv_CC_dependencies_compiler_type=gcc3
bfd_cv_ld_as_needed=no
gcc_cv_header_string=yes
lt_cv_apple_cc_single_mod=yes
lt_cv_deplibs_check_method=pass_all
lt_cv_dlopen=dlopen
lt_cv_dlopen_libs=-ldl
lt_cv_dlopen_self=yes
lt_cv_dlopen_self_static=yes
lt_cv_file_magic_cmd='$MAGIC_CMD'
lt_cv_file_magic_test_file=
lt_cv_ld_exported_symbols_list=yes
lt_cv_ld_force_load=yes
lt_cv_ld_reload_flag=-r
lt_cv_nm_interface='BSD nm'
lt_cv_objdir=.libs
lt_cv_path_LD=ld
lt_cv_path_NM=nm
lt_cv_prog_compiler_c_o=yes
lt_cv_prog_compiler_pic_works=yes
lt_cv_prog_compiler_rtti_exceptions=no
lt_cv_prog_compiler_static_works=no
lt_cv_prog_gnu_ld=no
lt_cv_sys_global_symbol_pipe='sed -n -e '\''s/^.*[	 ]\([BCDEGRST][BCDEGRST]*\)[	 ][	 ]*_\([_A-Za-z][_A-Za-z0-9]*\)$/\1 _\2 \2/p'\'''
lt_cv_sys_global_symbol_to_c_name_address='sed -n -e '\''s/^: \([^ ]*\) $/  {\"\1\", (void *) 0},/p'\'' -e '\''s/^[BCDEGRST]* \([^ ]*\) \([^ ]*\)$/  {"\2", (void *) \&\2},/p'\'''
lt_cv_sys_global_symbol_to_c_name_address_lib_prefix='sed -n -e '\''s/^: \([^ ]*\) $/  {\"\1\", (void *) 0},/p'\'' -e '\''s/^[BCDEGRST]* \([^ ]*\) \(lib[^ ]*\)$/  {"\2", (void *) \&\2},/p'\'' -e '\''s/^[BCDEGRST]* \([^ ]*\) \([^ ]*\)$/  {"lib\2", (void *) \&\2},/p'\'''
lt_cv_sys_global_symbol_to_cdecl='sed -n -e '\''s/^T .* \(.*\)$/extern int \1();/p'\'' -e '\''s/^[BCDEGRST]* .* \(.*\)$/extern char \1;/p'\'''
lt_cv_sys_max_cmd_len=196608

## ----------------- ##
## Output variables. ##
## ----------------- ##

ACLOCAL='${SHELL} /Users/liuzhengyang/Code/opensource/openjdk/jdk8/hotspot/src/share/tools/hsdis/binutils-2.26/missing --run aclocal-1.11'
AMDEPBACKSLASH='\'
AMDEP_FALSE='#'
AMDEP_TRUE=''
AMTAR='${SHELL} /Users/liuzhengyang/Code/opensource/openjdk/jdk8/hotspot/src/share/tools/hsdis/binutils-2.26/missing --run tar'
AR='ar'
AUTOCONF='${SHELL} /Users/liuzhengyang/Code/opensource/openjdk/jdk8/hotspot/src/share/tools/hsdis/binutils-2.26/missing --run autoconf'
AUTOHEADER='${SHELL} /Users/liuzhengyang/Code/opensource/openjdk/jdk8/hotspot/src/share/tools/hsdis/binutils-2.26/missing --run autoheader'
AUTOMAKE='${SHELL} /Users/liuzhengyang/Code/opensource/openjdk/jdk8/hotspot/src/share/tools/hsdis/binutils-2.26/missing --run automake-1.11'
AWK='awk'
BFD_HOSTPTR_T='unsigned long'
BFD_HOST_64BIT_LONG='1'
BFD_HOST_64BIT_LONG_LONG='0'
BFD_HOST_64_BIT='long'
BFD_HOST_64_BIT_DEFINED='1'
BFD_HOST_U_64_BIT='unsigned long'
CATALOGS=''
CATOBJEXT=''
CC='gcc'
CCDEPMODE='depmode=gcc3'
CC_FOR_BUILD='gcc'
CFLAGS='-fPIC -O'
COREFILE=''
COREFLAG=''
CPP='gcc -E'
CPPFLAGS=''
CYGPATH_W='echo'
DATADIRNAME=''
DEBUGDIR='${exec_prefix}/lib/debug'
DEFS='-DHAVE_CONFIG_H'
DEPDIR='.deps'
DSYMUTIL='dsymutil'
DUMPBIN=''
ECHO_C='\c'
ECHO_N=''
ECHO_T=''
EGREP='/usr/local/bin/ggrep -E'
EXEEXT=''
EXEEXT_FOR_BUILD='$(EXEEXT)'
FGREP='/usr/local/bin/ggrep -F'
GENCAT=''
GENINSRC_NEVER_FALSE=''
GENINSRC_NEVER_TRUE='#'
GMSGFMT=':'
GREP='/usr/local/bin/ggrep'
HDEFINES=''
INCINTL=''
INSTALL_DATA='${INSTALL} -m 644'
INSTALL_LIBBFD_FALSE='#'
INSTALL_LIBBFD_TRUE=''
INSTALL_PROGRAM='${INSTALL}'
INSTALL_SCRIPT='${INSTALL}'
INSTALL_STRIP_PROGRAM='$(install_sh) -c -s'
INSTOBJEXT=''
LD='ld'
LDFLAGS='-static-libstdc++ -static-libgcc -Wl,-no_pie '
LIBINTL=''
LIBINTL_DEP=''
LIBM=''
LIBOBJS=''
LIBS=''
LIBTOOL='$(SHELL) $(top_builddir)/libtool'
LIPO='lipo'
LN_S='ln -s'
LTLIBOBJS=''
MAINT='#'
MAINTAINER_MODE_FALSE=''
MAINTAINER_MODE_TRUE='#'
MAKEINFO='makeinfo'
MKDIR_P='/Users/liuzhengyang/Code/opensource/openjdk/jdk8/hotspot/src/share/tools/hsdis/binutils-2.26/bfd/../install-sh -c -d'
MKINSTALLDIRS='/Users/liuzhengyang/Code/opensource/openjdk/jdk8/hotspot/src/share/tools/hsdis/binutils-2.26/bfd/../mkinstalldirs'
MSGFMT=':'
MSGMERGE=':'
NM='nm'
NMEDIT='nmedit'
NO_WERROR='-Wno-error'
OBJDUMP='objdump'
OBJEXT='o'
OTOOL64=':'
OTOOL='otool'
PACKAGE='bfd'
PACKAGE_BUGREPORT=''
PACKAGE_NAME='bfd'
PACKAGE_STRING='bfd 2.26'
PACKAGE_TARNAME='bfd'
PACKAGE_URL=''
PACKAGE_VERSION='2.26'
PATH_SEPARATOR=':'
PKGVERSION='(GNU Binutils) '
PLUGINS_FALSE='#'
PLUGINS_TRUE=''
POSUB=''
RANLIB='ranlib'
REPORT_BUGS_TEXI='@uref{http://www.sourceware.org/bugzilla/}'
REPORT_BUGS_TO='<http://www.sourceware.org/bugzilla/>'
SED='/usr/bin/sed'
SET_MAKE=''
SHARED_LDFLAGS=''
SHARED_LIBADD=''
SHELL='/bin/sh'
STRIP='strip'
TDEFINES='  '
USE_NLS='no'
VERSION='2.26'
WARN_CFLAGS='-W -Wall -Wstrict-prototypes -Wmissing-prototypes -Wshadow -Werror'
XGETTEXT=':'
ac_ct_CC=''
ac_ct_DUMPBIN=''
all_backends='$(BFD64_BACKENDS) $(BFD32_BACKENDS)'
am__EXEEXT_FALSE=''
am__EXEEXT_TRUE='#'
am__fastdepCC_FALSE='#'
am__fastdepCC_TRUE=''
am__include='include'
am__isrc=' -I$(srcdir)'
am__leading_dot='.'
am__quote=''
am__tar='${AMTAR} chof - "$$tardir"'
am__untar='${AMTAR} xf -'
bfd64_libs='$(BFD64_LIBS)'
bfd_backends=' mach-o-x86-64.lo mach-o-i386.lo mach-o.lo dwarf2.lo pef.lo xsym.lo plugin.lo'
bfd_default_target_size='32'
bfd_file_ptr='BFD_HOST_64_BIT'
bfd_machines=' cpu-i386.lo cpu-powerpc.lo cpu-rs6000.lo cpu-plugin.lo'
bfd_ufile_ptr='BFD_HOST_U_64_BIT'
bfdincludedir='$(includedir)'
bfdlibdir='$(libdir)'
bindir='${exec_prefix}/bin'
build='x86_64-apple-darwin16.1.0'
build_alias='x86_64-apple-darwin16.1.0'
build_cpu='x86_64'
build_os='darwin16.1.0'
build_vendor='apple'
datadir='${datarootdir}'
datarootdir='${prefix}/share'
docdir='${datarootdir}/doc/${PACKAGE_TARNAME}'
dvidir='${docdir}'
exec_prefix='${prefix}'
havevecs='-DHAVE_x86_64_mach_o_vec -DHAVE_i386_mach_o_vec -DHAVE_mach_o_le_vec -DHAVE_mach_o_be_vec -DHAVE_mach_o_fat_vec -DHAVE_pef_vec -DHAVE_pef_xlib_vec -DHAVE_sym_vec -DHAVE_plugin_vec'
host='x86_64-apple-darwin16.1.0'
host_alias='x86_64-apple-darwin16.1.0'
host_cpu='x86_64'
host_noncanonical='x86_64-apple-darwin16.1.0'
host_os='darwin16.1.0'
host_vendor='apple'
htmldir='${docdir}'
includedir='${prefix}/include'
infodir='${datarootdir}/info'
install_sh='${SHELL} /Users/liuzhengyang/Code/opensource/openjdk/jdk8/hotspot/src/share/tools/hsdis/binutils-2.26/install-sh'
libdir='${exec_prefix}/lib'
libexecdir='${exec_prefix}/libexec'
localedir='${datarootdir}/locale'
localstatedir='${prefix}/var'
lt_cv_dlopen_libs='-ldl'
mandir='${datarootdir}/man'
mkdir_p='/Users/liuzhengyang/Code/opensource/openjdk/jdk8/hotspot/src/share/tools/hsdis/binutils-2.26/bfd/../install-sh -c -d'
oldincludedir='/usr/include'
pdfdir='${docdir}'
prefix='/usr/local'
program_transform_name='s,y,y,'
psdir='${docdir}'
sbindir='${exec_prefix}/sbin'
sharedstatedir='${prefix}/com'
supports_plugins='1'
sysconfdir='${prefix}/etc'
target='x86_64-apple-darwin16.1.0'
target_alias='x86_64-apple-darwin16.1.0'
target_cpu='x86_64'
target_noncanonical='x86_64-apple-darwin16.1.0'
target_os='darwin16.1.0'
target_vendor='apple'
tdefaults=' -DDEFAULT_VECTOR=x86_64_mach_o_vec -DSELECT_VECS='\''&x86_64_mach_o_vec,&i386_mach_o_vec,&mach_o_le_vec,&mach_o_be_vec,&mach_o_fat_vec,&pef_vec,&pef_xlib_vec,&sym_vec,&plugin_vec'\'' -DSELECT_ARCHITECTURES='\''&bfd_i386_arch,&bfd_powerpc_arch,&bfd_rs6000_arch,&bfd_plugin_arch'\'''
wordsize='64'
zlibdir='-L$(top_builddir)/../zlib'
zlibinc='-I$(top_srcdir)/../zlib'

## ----------- ##
## confdefs.h. ##
## ----------- ##

/* confdefs.h */
#define PACKAGE_NAME "bfd"
#define PACKAGE_TARNAME "bfd"
#define PACKAGE_VERSION "2.26"
#define PACKAGE_STRING "bfd 2.26"
#define PACKAGE_BUGREPORT ""
#define PACKAGE_URL ""
#define PACKAGE "bfd"
#define VERSION "2.26"
#define STDC_HEADERS 1
#define HAVE_SYS_TYPES_H 1
#define HAVE_SYS_STAT_H 1
#define HAVE_STDLIB_H 1
#define HAVE_STRING_H 1
#define HAVE_MEMORY_H 1
#define HAVE_STRINGS_H 1
#define HAVE_INTTYPES_H 1
#define HAVE_STDINT_H 1
#define HAVE_UNISTD_H 1
#define __EXTENSIONS__ 1
#define _ALL_SOURCE 1
#define _GNU_SOURCE 1
#define _POSIX_PTHREAD_SEMANTICS 1
#define _TANDEM_SOURCE 1
#define HAVE_DLFCN_H 1
#define LT_OBJDIR ".libs/"
#define HAVE_DLFCN_H 1
#define USE_SECUREPLT 1
#define SIZEOF_LONG_LONG 8
#define SIZEOF_VOID_P 8
#define SIZEOF_LONG 8
#define HAVE_ALLOCA_H 1
#define HAVE_STDDEF_H 1
#define HAVE_STRING_H 1
#define HAVE_STRINGS_H 1
#define HAVE_STDLIB_H 1
#define HAVE_TIME_H 1
#define HAVE_UNISTD_H 1
#define HAVE_WCHAR_H 1
#define HAVE_WCTYPE_H 1
#define HAVE_FCNTL_H 1
#define HAVE_SYS_FILE_H 1
#define HAVE_SYS_TIME_H 1
#define HAVE_SYS_STAT_H 1
#define HAVE_SYS_RESOURCE_H 1
#define TIME_WITH_SYS_TIME 1
#define HAVE_DIRENT_H 1
#define STRING_WITH_STRINGS 1
#define HAVE_FCNTL 1
#define HAVE_GETPAGESIZE 1
#define HAVE_SETITIMER 1
#define HAVE_SYSCONF 1
#define HAVE_FDOPEN 1
#define HAVE_GETUID 1
#define HAVE_GETGID 1
#define HAVE_FILENO 1
#define HAVE_STRTOULL 1
#define HAVE_GETRLIMIT 1
#define HAVE_DECL_BASENAME 0
#define HAVE_DECL_FTELLO 1
#define HAVE_DECL_FTELLO64 0
#define HAVE_DECL_FSEEKO 1
#define HAVE_DECL_FSEEKO64 0
#define HAVE_DECL_FFS 1
#define HAVE_DECL_FREE 1
#define HAVE_DECL_GETENV 1
#define HAVE_DECL_MALLOC 1
#define HAVE_DECL_REALLOC 1
#define HAVE_DECL_STPCPY 1
#define HAVE_DECL_STRSTR 1
#define HAVE_DECL_ASPRINTF 1
#define HAVE_DECL_VASPRINTF 1
#define HAVE_DECL_SNPRINTF 1
#define HAVE_DECL_VSNPRINTF 1
#define HAVE_DECL_STRNLEN 1
#define HAVE_FTELLO 1
#define HAVE_FSEEKO 1
#define SIZEOF_OFF_T 8
#define HAVE_STDLIB_H 1
#define HAVE_UNISTD_H 1
#define HAVE_GETPAGESIZE 1
#define HAVE_MMAP 1
#define HAVE_MADVISE 1
#define HAVE_MPROTECT 1

configure: exit 0

## ---------------------- ##
## Running config.status. ##
## ---------------------- ##

This file was extended by bfd config.status 2.26, which was
generated by GNU Autoconf 2.64.  Invocation command line was

  CONFIG_FILES    = po/Makefile.in:po/Make-in
  CONFIG_HEADERS  = 
  CONFIG_LINKS    = 
  CONFIG_COMMANDS = 
  $ ./config.status 

on liuzhengyangs-MacBook-Pro.local

config.status:1222: creating po/Makefile.in
config.status:1435: executing depfiles commands
config.status:1435: executing libtool commands
config.status:1435: executing default-1 commands
config.status:1435: executing bfd_stdint.h commands
config.status:1435: executing default commands
